NODELIST=gammagpu17
MASTER_ADDR=gammagpu17
[2024-11-29 17:55:21,824] [INFO] [real_accelerator.py:219:get_accelerator] Setting ds_accelerator to cuda (auto detect)
[2024-11-29 17:55:21,824] [INFO] [real_accelerator.py:219:get_accelerator] Setting ds_accelerator to cuda (auto detect)
[2024-11-29 17:55:21,824] [INFO] [real_accelerator.py:219:get_accelerator] Setting ds_accelerator to cuda (auto detect)
[2024-11-29 17:55:21,824] [INFO] [real_accelerator.py:219:get_accelerator] Setting ds_accelerator to cuda (auto detect)
W1129 17:55:23.923128 139937278444544 torch/distributed/run.py:779] 
W1129 17:55:23.923128 139937278444544 torch/distributed/run.py:779] *****************************************
W1129 17:55:23.923128 139937278444544 torch/distributed/run.py:779] Setting OMP_NUM_THREADS environment variable for each process to be 1 in default, to avoid your system being overloaded, please further tune the variable for optimal performance in your application as needed. 
W1129 17:55:23.923128 139937278444544 torch/distributed/run.py:779] *****************************************
W1129 17:55:23.923636 139922737112064 torch/distributed/run.py:779] 
W1129 17:55:23.923636 139922737112064 torch/distributed/run.py:779] *****************************************
W1129 17:55:23.923636 139922737112064 torch/distributed/run.py:779] Setting OMP_NUM_THREADS environment variable for each process to be 1 in default, to avoid your system being overloaded, please further tune the variable for optimal performance in your application as needed. 
W1129 17:55:23.923636 139922737112064 torch/distributed/run.py:779] *****************************************
W1129 17:55:23.923763 140514717799424 torch/distributed/run.py:779] 
W1129 17:55:23.923763 140514717799424 torch/distributed/run.py:779] *****************************************
W1129 17:55:23.923763 140514717799424 torch/distributed/run.py:779] Setting OMP_NUM_THREADS environment variable for each process to be 1 in default, to avoid your system being overloaded, please further tune the variable for optimal performance in your application as needed. 
W1129 17:55:23.923763 140514717799424 torch/distributed/run.py:779] *****************************************
Warning: The cache directory for DeepSpeed Triton autotune, /fs/nexus-scratch/sjxu/.triton/autotune, appears to be on an NFS system. While this is generally acceptable, if you experience slowdowns or hanging when DeepSpeed exits, it is recommended to set the TRITON_CACHE_DIR environment variable to a non-NFS path.
Traceback (most recent call last):
  File "/fs/nexus-scratch/sjxu/miniconda3/envs/svd_control/bin/accelerate", line 8, in <module>
Warning: The cache directory for DeepSpeed Triton autotune, /fs/nexus-scratch/sjxu/.triton/autotune, appears to be on an NFS system. While this is generally acceptable, if you experience slowdowns or hanging when DeepSpeed exits, it is recommended to set the TRITON_CACHE_DIR environment variable to a non-NFS path.
Traceback (most recent call last):
  File "/fs/nexus-scratch/sjxu/miniconda3/envs/svd_control/bin/accelerate", line 8, in <module>
    sys.exit(main())
  File "/fs/nexus-scratch/sjxu/miniconda3/envs/svd_control/lib/python3.9/site-packages/accelerate/commands/accelerate_cli.py", line 48, in main
    sys.exit(main())
  File "/fs/nexus-scratch/sjxu/miniconda3/envs/svd_control/lib/python3.9/site-packages/accelerate/commands/accelerate_cli.py", line 48, in main
    args.func(args)
  File "/fs/nexus-scratch/sjxu/miniconda3/envs/svd_control/lib/python3.9/site-packages/accelerate/commands/launch.py", line 1153, in launch_command
    args.func(args)
  File "/fs/nexus-scratch/sjxu/miniconda3/envs/svd_control/lib/python3.9/site-packages/accelerate/commands/launch.py", line 1153, in launch_command
    deepspeed_launcher(args)
  File "/fs/nexus-scratch/sjxu/miniconda3/envs/svd_control/lib/python3.9/site-packages/accelerate/commands/launch.py", line 846, in deepspeed_launcher
    deepspeed_launcher(args)
  File "/fs/nexus-scratch/sjxu/miniconda3/envs/svd_control/lib/python3.9/site-packages/accelerate/commands/launch.py", line 846, in deepspeed_launcher
    distrib_run.run(args)
  File "/fs/nexus-scratch/sjxu/miniconda3/envs/svd_control/lib/python3.9/site-packages/torch/distributed/run.py", line 892, in run
    distrib_run.run(args)
  File "/fs/nexus-scratch/sjxu/miniconda3/envs/svd_control/lib/python3.9/site-packages/torch/distributed/run.py", line 892, in run
W1129 17:55:23.933421 140058559579136 torch/distributed/run.py:779] 
W1129 17:55:23.933421 140058559579136 torch/distributed/run.py:779] *****************************************
W1129 17:55:23.933421 140058559579136 torch/distributed/run.py:779] Setting OMP_NUM_THREADS environment variable for each process to be 1 in default, to avoid your system being overloaded, please further tune the variable for optimal performance in your application as needed. 
W1129 17:55:23.933421 140058559579136 torch/distributed/run.py:779] *****************************************
    elastic_launch(
  File "/fs/nexus-scratch/sjxu/miniconda3/envs/svd_control/lib/python3.9/site-packages/torch/distributed/launcher/api.py", line 133, in __call__
    elastic_launch(
  File "/fs/nexus-scratch/sjxu/miniconda3/envs/svd_control/lib/python3.9/site-packages/torch/distributed/launcher/api.py", line 133, in __call__
    return launch_agent(self._config, self._entrypoint, list(args))
  File "/fs/nexus-scratch/sjxu/miniconda3/envs/svd_control/lib/python3.9/site-packages/torch/distributed/launcher/api.py", line 255, in launch_agent
    return launch_agent(self._config, self._entrypoint, list(args))
  File "/fs/nexus-scratch/sjxu/miniconda3/envs/svd_control/lib/python3.9/site-packages/torch/distributed/launcher/api.py", line 255, in launch_agent
    result = agent.run()
  File "/fs/nexus-scratch/sjxu/miniconda3/envs/svd_control/lib/python3.9/site-packages/torch/distributed/elastic/metrics/api.py", line 124, in wrapper
    result = agent.run()
  File "/fs/nexus-scratch/sjxu/miniconda3/envs/svd_control/lib/python3.9/site-packages/torch/distributed/elastic/metrics/api.py", line 124, in wrapper
    result = f(*args, **kwargs)
  File "/fs/nexus-scratch/sjxu/miniconda3/envs/svd_control/lib/python3.9/site-packages/torch/distributed/elastic/agent/server/api.py", line 680, in run
    result = f(*args, **kwargs)
  File "/fs/nexus-scratch/sjxu/miniconda3/envs/svd_control/lib/python3.9/site-packages/torch/distributed/elastic/agent/server/api.py", line 680, in run
    result = self._invoke_run(role)
  File "/fs/nexus-scratch/sjxu/miniconda3/envs/svd_control/lib/python3.9/site-packages/torch/distributed/elastic/agent/server/api.py", line 829, in _invoke_run
    result = self._invoke_run(role)
  File "/fs/nexus-scratch/sjxu/miniconda3/envs/svd_control/lib/python3.9/site-packages/torch/distributed/elastic/agent/server/api.py", line 829, in _invoke_run
    self._initialize_workers(self._worker_group)
  File "/fs/nexus-scratch/sjxu/miniconda3/envs/svd_control/lib/python3.9/site-packages/torch/distributed/elastic/metrics/api.py", line 124, in wrapper
    self._initialize_workers(self._worker_group)
  File "/fs/nexus-scratch/sjxu/miniconda3/envs/svd_control/lib/python3.9/site-packages/torch/distributed/elastic/metrics/api.py", line 124, in wrapper
    result = f(*args, **kwargs)
  File "/fs/nexus-scratch/sjxu/miniconda3/envs/svd_control/lib/python3.9/site-packages/torch/distributed/elastic/agent/server/api.py", line 652, in _initialize_workers
    result = f(*args, **kwargs)
  File "/fs/nexus-scratch/sjxu/miniconda3/envs/svd_control/lib/python3.9/site-packages/torch/distributed/elastic/agent/server/api.py", line 652, in _initialize_workers
    self._rendezvous(worker_group)
  File "/fs/nexus-scratch/sjxu/miniconda3/envs/svd_control/lib/python3.9/site-packages/torch/distributed/elastic/metrics/api.py", line 124, in wrapper
    self._rendezvous(worker_group)
  File "/fs/nexus-scratch/sjxu/miniconda3/envs/svd_control/lib/python3.9/site-packages/torch/distributed/elastic/metrics/api.py", line 124, in wrapper
    result = f(*args, **kwargs)
  File "/fs/nexus-scratch/sjxu/miniconda3/envs/svd_control/lib/python3.9/site-packages/torch/distributed/elastic/agent/server/api.py", line 489, in _rendezvous
    result = f(*args, **kwargs)
  File "/fs/nexus-scratch/sjxu/miniconda3/envs/svd_control/lib/python3.9/site-packages/torch/distributed/elastic/agent/server/api.py", line 489, in _rendezvous
    rdzv_info = spec.rdzv_handler.next_rendezvous()
  File "/fs/nexus-scratch/sjxu/miniconda3/envs/svd_control/lib/python3.9/site-packages/torch/distributed/elastic/rendezvous/static_tcp_rendezvous.py", line 66, in next_rendezvous
    rdzv_info = spec.rdzv_handler.next_rendezvous()
  File "/fs/nexus-scratch/sjxu/miniconda3/envs/svd_control/lib/python3.9/site-packages/torch/distributed/elastic/rendezvous/static_tcp_rendezvous.py", line 66, in next_rendezvous
    self._store = TCPStore(  # type: ignore[call-arg]
RuntimeError: The server socket has failed to listen on any local network address. useIpv6: 0, code: -98, name: EADDRINUSE, message: address already in use
Warning: The cache directory for DeepSpeed Triton autotune, /fs/nexus-scratch/sjxu/.triton/autotune, appears to be on an NFS system. While this is generally acceptable, if you experience slowdowns or hanging when DeepSpeed exits, it is recommended to set the TRITON_CACHE_DIR environment variable to a non-NFS path.
Traceback (most recent call last):
  File "/fs/nexus-scratch/sjxu/miniconda3/envs/svd_control/bin/accelerate", line 8, in <module>
    sys.exit(main())
  File "/fs/nexus-scratch/sjxu/miniconda3/envs/svd_control/lib/python3.9/site-packages/accelerate/commands/accelerate_cli.py", line 48, in main
    args.func(args)
  File "/fs/nexus-scratch/sjxu/miniconda3/envs/svd_control/lib/python3.9/site-packages/accelerate/commands/launch.py", line 1153, in launch_command
    deepspeed_launcher(args)
  File "/fs/nexus-scratch/sjxu/miniconda3/envs/svd_control/lib/python3.9/site-packages/accelerate/commands/launch.py", line 846, in deepspeed_launcher
    distrib_run.run(args)
  File "/fs/nexus-scratch/sjxu/miniconda3/envs/svd_control/lib/python3.9/site-packages/torch/distributed/run.py", line 892, in run
    elastic_launch(
  File "/fs/nexus-scratch/sjxu/miniconda3/envs/svd_control/lib/python3.9/site-packages/torch/distributed/launcher/api.py", line 133, in __call__
    return launch_agent(self._config, self._entrypoint, list(args))
  File "/fs/nexus-scratch/sjxu/miniconda3/envs/svd_control/lib/python3.9/site-packages/torch/distributed/launcher/api.py", line 255, in launch_agent
    result = agent.run()
  File "/fs/nexus-scratch/sjxu/miniconda3/envs/svd_control/lib/python3.9/site-packages/torch/distributed/elastic/metrics/api.py", line 124, in wrapper
    self._store = TCPStore(  # type: ignore[call-arg]
RuntimeError: The server socket has failed to listen on any local network address. useIpv6: 0, code: -98, name: EADDRINUSE, message: address already in use
    result = f(*args, **kwargs)
  File "/fs/nexus-scratch/sjxu/miniconda3/envs/svd_control/lib/python3.9/site-packages/torch/distributed/elastic/agent/server/api.py", line 680, in run
    result = self._invoke_run(role)
  File "/fs/nexus-scratch/sjxu/miniconda3/envs/svd_control/lib/python3.9/site-packages/torch/distributed/elastic/agent/server/api.py", line 829, in _invoke_run
    self._initialize_workers(self._worker_group)
  File "/fs/nexus-scratch/sjxu/miniconda3/envs/svd_control/lib/python3.9/site-packages/torch/distributed/elastic/metrics/api.py", line 124, in wrapper
    result = f(*args, **kwargs)
  File "/fs/nexus-scratch/sjxu/miniconda3/envs/svd_control/lib/python3.9/site-packages/torch/distributed/elastic/agent/server/api.py", line 652, in _initialize_workers
    self._rendezvous(worker_group)
  File "/fs/nexus-scratch/sjxu/miniconda3/envs/svd_control/lib/python3.9/site-packages/torch/distributed/elastic/metrics/api.py", line 124, in wrapper
    result = f(*args, **kwargs)
  File "/fs/nexus-scratch/sjxu/miniconda3/envs/svd_control/lib/python3.9/site-packages/torch/distributed/elastic/agent/server/api.py", line 489, in _rendezvous
    rdzv_info = spec.rdzv_handler.next_rendezvous()
  File "/fs/nexus-scratch/sjxu/miniconda3/envs/svd_control/lib/python3.9/site-packages/torch/distributed/elastic/rendezvous/static_tcp_rendezvous.py", line 66, in next_rendezvous
    self._store = TCPStore(  # type: ignore[call-arg]
RuntimeError: The server socket has failed to listen on any local network address. useIpv6: 0, code: -98, name: EADDRINUSE, message: address already in use
srun: error: gammagpu17: task 3: Exited with exit code 1
srun: error: gammagpu17: task 0: Exited with exit code 1
srun: error: gammagpu17: task 2: Exited with exit code 1
/fs/nexus-scratch/sjxu/miniconda3/envs/svd_control/lib/python3.9/site-packages/diffusers/utils/outputs.py:63: FutureWarning: `torch.utils._pytree._register_pytree_node` is deprecated. Please use `torch.utils._pytree.register_pytree_node` instead.
  torch.utils._pytree._register_pytree_node(
/fs/nexus-scratch/sjxu/miniconda3/envs/svd_control/lib/python3.9/site-packages/diffusers/utils/outputs.py:63: FutureWarning: `torch.utils._pytree._register_pytree_node` is deprecated. Please use `torch.utils._pytree.register_pytree_node` instead.
  torch.utils._pytree._register_pytree_node(
/fs/nexus-scratch/sjxu/miniconda3/envs/svd_control/lib/python3.9/site-packages/diffusers/utils/outputs.py:63: FutureWarning: `torch.utils._pytree._register_pytree_node` is deprecated. Please use `torch.utils._pytree.register_pytree_node` instead.
  torch.utils._pytree._register_pytree_node(
/fs/nexus-scratch/sjxu/miniconda3/envs/svd_control/lib/python3.9/site-packages/diffusers/utils/outputs.py:63: FutureWarning: `torch.utils._pytree._register_pytree_node` is deprecated. Please use `torch.utils._pytree.register_pytree_node` instead.
  torch.utils._pytree._register_pytree_node(
/fs/nexus-scratch/sjxu/miniconda3/envs/svd_control/lib/python3.9/site-packages/xformers/ops/fmha/flash.py:211: FutureWarning: `torch.library.impl_abstract` was renamed to `torch.library.register_fake`. Please use that instead; we will remove `torch.library.impl_abstract` in a future version of PyTorch.
  @torch.library.impl_abstract("xformers_flash::flash_fwd")
/fs/nexus-scratch/sjxu/miniconda3/envs/svd_control/lib/python3.9/site-packages/xformers/ops/fmha/flash.py:211: FutureWarning: `torch.library.impl_abstract` was renamed to `torch.library.register_fake`. Please use that instead; we will remove `torch.library.impl_abstract` in a future version of PyTorch.
  @torch.library.impl_abstract("xformers_flash::flash_fwd")
/fs/nexus-scratch/sjxu/miniconda3/envs/svd_control/lib/python3.9/site-packages/xformers/ops/fmha/flash.py:211: FutureWarning: `torch.library.impl_abstract` was renamed to `torch.library.register_fake`. Please use that instead; we will remove `torch.library.impl_abstract` in a future version of PyTorch.
  @torch.library.impl_abstract("xformers_flash::flash_fwd")
/fs/nexus-scratch/sjxu/miniconda3/envs/svd_control/lib/python3.9/site-packages/xformers/ops/fmha/flash.py:211: FutureWarning: `torch.library.impl_abstract` was renamed to `torch.library.register_fake`. Please use that instead; we will remove `torch.library.impl_abstract` in a future version of PyTorch.
  @torch.library.impl_abstract("xformers_flash::flash_fwd")
/fs/nexus-scratch/sjxu/miniconda3/envs/svd_control/lib/python3.9/site-packages/xformers/ops/fmha/flash.py:344: FutureWarning: `torch.library.impl_abstract` was renamed to `torch.library.register_fake`. Please use that instead; we will remove `torch.library.impl_abstract` in a future version of PyTorch.
  @torch.library.impl_abstract("xformers_flash::flash_bwd")
/fs/nexus-scratch/sjxu/miniconda3/envs/svd_control/lib/python3.9/site-packages/xformers/ops/fmha/flash.py:344: FutureWarning: `torch.library.impl_abstract` was renamed to `torch.library.register_fake`. Please use that instead; we will remove `torch.library.impl_abstract` in a future version of PyTorch.
  @torch.library.impl_abstract("xformers_flash::flash_bwd")
/fs/nexus-scratch/sjxu/miniconda3/envs/svd_control/lib/python3.9/site-packages/xformers/ops/fmha/flash.py:344: FutureWarning: `torch.library.impl_abstract` was renamed to `torch.library.register_fake`. Please use that instead; we will remove `torch.library.impl_abstract` in a future version of PyTorch.
  @torch.library.impl_abstract("xformers_flash::flash_bwd")
/fs/nexus-scratch/sjxu/miniconda3/envs/svd_control/lib/python3.9/site-packages/xformers/ops/fmha/flash.py:344: FutureWarning: `torch.library.impl_abstract` was renamed to `torch.library.register_fake`. Please use that instead; we will remove `torch.library.impl_abstract` in a future version of PyTorch.
  @torch.library.impl_abstract("xformers_flash::flash_bwd")
/fs/nexus-scratch/sjxu/miniconda3/envs/svd_control/lib/python3.9/site-packages/kornia/feature/lightglue.py:44: FutureWarning: `torch.cuda.amp.custom_fwd(args...)` is deprecated. Please use `torch.amp.custom_fwd(args..., device_type='cuda')` instead.
  @torch.cuda.amp.custom_fwd(cast_inputs=torch.float32)
/fs/nexus-scratch/sjxu/miniconda3/envs/svd_control/lib/python3.9/site-packages/kornia/feature/lightglue.py:44: FutureWarning: `torch.cuda.amp.custom_fwd(args...)` is deprecated. Please use `torch.amp.custom_fwd(args..., device_type='cuda')` instead.
  @torch.cuda.amp.custom_fwd(cast_inputs=torch.float32)
/fs/nexus-scratch/sjxu/miniconda3/envs/svd_control/lib/python3.9/site-packages/kornia/feature/lightglue.py:44: FutureWarning: `torch.cuda.amp.custom_fwd(args...)` is deprecated. Please use `torch.amp.custom_fwd(args..., device_type='cuda')` instead.
  @torch.cuda.amp.custom_fwd(cast_inputs=torch.float32)
/fs/nexus-scratch/sjxu/miniconda3/envs/svd_control/lib/python3.9/site-packages/kornia/feature/lightglue.py:44: FutureWarning: `torch.cuda.amp.custom_fwd(args...)` is deprecated. Please use `torch.amp.custom_fwd(args..., device_type='cuda')` instead.
  @torch.cuda.amp.custom_fwd(cast_inputs=torch.float32)
/fs/nexus-scratch/sjxu/miniconda3/envs/svd_control/lib/python3.9/site-packages/accelerate/utils/dataclasses.py:1183: UserWarning: DeepSpeed Zero3 Init flag is only applicable for ZeRO Stage 3. Setting it to False.
  warnings.warn("DeepSpeed Zero3 Init flag is only applicable for ZeRO Stage 3. Setting it to False.")
/fs/nexus-scratch/sjxu/miniconda3/envs/svd_control/lib/python3.9/site-packages/accelerate/utils/dataclasses.py:1183: UserWarning: DeepSpeed Zero3 Init flag is only applicable for ZeRO Stage 3. Setting it to False.
  warnings.warn("DeepSpeed Zero3 Init flag is only applicable for ZeRO Stage 3. Setting it to False.")
/fs/nexus-scratch/sjxu/miniconda3/envs/svd_control/lib/python3.9/site-packages/accelerate/utils/dataclasses.py:1183: UserWarning: DeepSpeed Zero3 Init flag is only applicable for ZeRO Stage 3. Setting it to False.
  warnings.warn("DeepSpeed Zero3 Init flag is only applicable for ZeRO Stage 3. Setting it to False.")
/fs/nexus-scratch/sjxu/miniconda3/envs/svd_control/lib/python3.9/site-packages/accelerate/utils/dataclasses.py:1183: UserWarning: DeepSpeed Zero3 Init flag is only applicable for ZeRO Stage 3. Setting it to False.
  warnings.warn("DeepSpeed Zero3 Init flag is only applicable for ZeRO Stage 3. Setting it to False.")
[2024-11-29 17:55:29,708] [INFO] [real_accelerator.py:219:get_accelerator] Setting ds_accelerator to cuda (auto detect)
[2024-11-29 17:55:29,709] [INFO] [real_accelerator.py:219:get_accelerator] Setting ds_accelerator to cuda (auto detect)
[2024-11-29 17:55:29,709] [INFO] [real_accelerator.py:219:get_accelerator] Setting ds_accelerator to cuda (auto detect)
[2024-11-29 17:55:29,709] [INFO] [real_accelerator.py:219:get_accelerator] Setting ds_accelerator to cuda (auto detect)
Warning: The cache directory for DeepSpeed Triton autotune, /fs/nexus-scratch/sjxu/.triton/autotune, appears to be on an NFS system. While this is generally acceptable, if you experience slowdowns or hanging when DeepSpeed exits, it is recommended to set the TRITON_CACHE_DIR environment variable to a non-NFS path.
Warning: The cache directory for DeepSpeed Triton autotune, /fs/nexus-scratch/sjxu/.triton/autotune, appears to be on an NFS system. While this is generally acceptable, if you experience slowdowns or hanging when DeepSpeed exits, it is recommended to set the TRITON_CACHE_DIR environment variable to a non-NFS path.
Warning: The cache directory for DeepSpeed Triton autotune, /fs/nexus-scratch/sjxu/.triton/autotune, appears to be on an NFS system. While this is generally acceptable, if you experience slowdowns or hanging when DeepSpeed exits, it is recommended to set the TRITON_CACHE_DIR environment variable to a non-NFS path.
Warning: The cache directory for DeepSpeed Triton autotune, /fs/nexus-scratch/sjxu/.triton/autotune, appears to be on an NFS system. While this is generally acceptable, if you experience slowdowns or hanging when DeepSpeed exits, it is recommended to set the TRITON_CACHE_DIR environment variable to a non-NFS path.
[2024-11-29 17:55:31,098] [INFO] [comm.py:652:init_distributed] cdb=None
[2024-11-29 17:55:31,098] [INFO] [comm.py:683:init_distributed] Initializing TorchBackend in DeepSpeed with backend nccl
[2024-11-29 17:55:31,108] [INFO] [comm.py:652:init_distributed] cdb=None
[2024-11-29 17:55:31,116] [INFO] [comm.py:652:init_distributed] cdb=None
[2024-11-29 17:55:31,118] [INFO] [comm.py:652:init_distributed] cdb=None
/fs/nexus-scratch/sjxu/miniconda3/envs/svd_control/lib/python3.9/site-packages/transformers/deepspeed.py:24: FutureWarning: transformers.deepspeed module is deprecated and will be removed in a future version. Please import deepspeed modules directly from transformers.integrations
  warnings.warn(
Detected kernel version 4.18.0, which is below the recommended minimum of 5.5.0; this can cause the process to hang. It is recommended to upgrade the kernel to the minimum version or higher.
/fs/nexus-scratch/sjxu/miniconda3/envs/svd_control/lib/python3.9/site-packages/transformers/deepspeed.py:24: FutureWarning: transformers.deepspeed module is deprecated and will be removed in a future version. Please import deepspeed modules directly from transformers.integrations
  warnings.warn(
/fs/nexus-scratch/sjxu/miniconda3/envs/svd_control/lib/python3.9/site-packages/transformers/deepspeed.py:24: FutureWarning: transformers.deepspeed module is deprecated and will be removed in a future version. Please import deepspeed modules directly from transformers.integrations
  warnings.warn(
/fs/nexus-scratch/sjxu/miniconda3/envs/svd_control/lib/python3.9/site-packages/transformers/deepspeed.py:24: FutureWarning: transformers.deepspeed module is deprecated and will be removed in a future version. Please import deepspeed modules directly from transformers.integrations
  warnings.warn(
wandb: Currently logged in as: sjxu (sjxu_gamma). Use `wandb login --relogin` to force relogin
wandb: Appending key for api.wandb.ai to your netrc file: /fs/nexus-scratch/sjxu/.netrc
11/29/2024 17:55:33 - INFO - __main__ - Distributed environment: DEEPSPEED  Backend: nccl
Num processes: 4
Process index: 0
Local process index: 0
Device: cuda:0

Mixed precision type: fp16
ds_config: {'bf16': {'enabled': False}, 'zero_optimization': {'stage': 2, 'offload_optimizer': {'device': 'cpu', 'pin_memory': True}}, 'gradient_accumulation_steps': 1, 'gradient_clipping': 'auto', 'train_batch_size': 'auto', 'train_micro_batch_size_per_gpu': 'auto', 'steps_per_print': inf, 'fp16': {'enabled': True, 'auto_cast': True}}

/fs/nexus-scratch/sjxu/miniconda3/envs/svd_control/lib/python3.9/site-packages/huggingface_hub/file_download.py:1150: FutureWarning: `resume_download` is deprecated and will be removed in version 1.0.0. Downloads always resume when possible. If you want to force a new download, use `force_download=True`.
  warnings.warn(
wandb: Currently logged in as: sjxu (sjxu_gamma). Use `wandb login --relogin` to force relogin
wandb: Currently logged in as: sjxu (sjxu_gamma). Use `wandb login --relogin` to force relogin
wandb: Currently logged in as: sjxu (sjxu_gamma). Use `wandb login --relogin` to force relogin
wandb: Appending key for api.wandb.ai to your netrc file: /fs/nexus-scratch/sjxu/.netrc
wandb: Appending key for api.wandb.ai to your netrc file: /fs/nexus-scratch/sjxu/.netrc
wandb: Appending key for api.wandb.ai to your netrc file: /fs/nexus-scratch/sjxu/.netrc
/fs/nexus-scratch/sjxu/miniconda3/envs/svd_control/lib/python3.9/site-packages/diffusers/utils/outputs.py:63: FutureWarning: `torch.utils._pytree._register_pytree_node` is deprecated. Please use `torch.utils._pytree.register_pytree_node` instead.
  torch.utils._pytree._register_pytree_node(
{'rescale_betas_zero_snr'} was not found in config. Values will be initialized to default values.
11/29/2024 17:55:33 - INFO - __main__ - Distributed environment: DEEPSPEED  Backend: nccl
Num processes: 4
Process index: 1
Local process index: 1
Device: cuda:1

Mixed precision type: fp16
ds_config: {'bf16': {'enabled': False}, 'zero_optimization': {'stage': 2, 'offload_optimizer': {'device': 'cpu', 'pin_memory': True}}, 'gradient_accumulation_steps': 1, 'gradient_clipping': 'auto', 'train_batch_size': 'auto', 'train_micro_batch_size_per_gpu': 'auto', 'steps_per_print': inf, 'fp16': {'enabled': True, 'auto_cast': True}}

/fs/nexus-scratch/sjxu/miniconda3/envs/svd_control/lib/python3.9/site-packages/huggingface_hub/file_download.py:1150: FutureWarning: `resume_download` is deprecated and will be removed in version 1.0.0. Downloads always resume when possible. If you want to force a new download, use `force_download=True`.
  warnings.warn(
11/29/2024 17:55:33 - INFO - __main__ - Distributed environment: DEEPSPEED  Backend: nccl
Num processes: 4
Process index: 3
Local process index: 3
Device: cuda:3

Mixed precision type: fp16
ds_config: {'bf16': {'enabled': False}, 'zero_optimization': {'stage': 2, 'offload_optimizer': {'device': 'cpu', 'pin_memory': True}}, 'gradient_accumulation_steps': 1, 'gradient_clipping': 'auto', 'train_batch_size': 'auto', 'train_micro_batch_size_per_gpu': 'auto', 'steps_per_print': inf, 'fp16': {'enabled': True, 'auto_cast': True}}

/fs/nexus-scratch/sjxu/miniconda3/envs/svd_control/lib/python3.9/site-packages/huggingface_hub/file_download.py:1150: FutureWarning: `resume_download` is deprecated and will be removed in version 1.0.0. Downloads always resume when possible. If you want to force a new download, use `force_download=True`.
  warnings.warn(
/fs/nexus-scratch/sjxu/miniconda3/envs/svd_control/lib/python3.9/site-packages/diffusers/utils/outputs.py:63: FutureWarning: `torch.utils._pytree._register_pytree_node` is deprecated. Please use `torch.utils._pytree.register_pytree_node` instead.
  torch.utils._pytree._register_pytree_node(
/fs/nexus-scratch/sjxu/miniconda3/envs/svd_control/lib/python3.9/site-packages/diffusers/utils/outputs.py:63: FutureWarning: `torch.utils._pytree._register_pytree_node` is deprecated. Please use `torch.utils._pytree.register_pytree_node` instead.
  torch.utils._pytree._register_pytree_node(
11/29/2024 17:55:33 - INFO - __main__ - Distributed environment: DEEPSPEED  Backend: nccl
Num processes: 4
Process index: 2
Local process index: 2
Device: cuda:2

Mixed precision type: fp16
ds_config: {'bf16': {'enabled': False}, 'zero_optimization': {'stage': 2, 'offload_optimizer': {'device': 'cpu', 'pin_memory': True}}, 'gradient_accumulation_steps': 1, 'gradient_clipping': 'auto', 'train_batch_size': 'auto', 'train_micro_batch_size_per_gpu': 'auto', 'steps_per_print': inf, 'fp16': {'enabled': True, 'auto_cast': True}}

/fs/nexus-scratch/sjxu/miniconda3/envs/svd_control/lib/python3.9/site-packages/huggingface_hub/file_download.py:1150: FutureWarning: `resume_download` is deprecated and will be removed in version 1.0.0. Downloads always resume when possible. If you want to force a new download, use `force_download=True`.
  warnings.warn(
/fs/nexus-scratch/sjxu/miniconda3/envs/svd_control/lib/python3.9/site-packages/diffusers/utils/outputs.py:63: FutureWarning: `torch.utils._pytree._register_pytree_node` is deprecated. Please use `torch.utils._pytree.register_pytree_node` instead.
  torch.utils._pytree._register_pytree_node(
Setting up [LPIPS] perceptual loss: trunk [alex], v[0.1], spatial [off]
/fs/nexus-scratch/sjxu/miniconda3/envs/svd_control/lib/python3.9/site-packages/torchvision/models/_utils.py:208: UserWarning: The parameter 'pretrained' is deprecated since 0.13 and may be removed in the future, please use 'weights' instead.
  warnings.warn(
/fs/nexus-scratch/sjxu/miniconda3/envs/svd_control/lib/python3.9/site-packages/torchvision/models/_utils.py:223: UserWarning: Arguments other than a weight enum or `None` for 'weights' are deprecated since 0.13 and may be removed in the future. The current behavior is equivalent to passing `weights=AlexNet_Weights.IMAGENET1K_V1`. You can also use `weights=AlexNet_Weights.DEFAULT` to get the most up-to-date weights.
  warnings.warn(msg)
Setting up [LPIPS] perceptual loss: trunk [alex], v[0.1], spatial [off]
/fs/nexus-scratch/sjxu/miniconda3/envs/svd_control/lib/python3.9/site-packages/torchvision/models/_utils.py:208: UserWarning: The parameter 'pretrained' is deprecated since 0.13 and may be removed in the future, please use 'weights' instead.
  warnings.warn(
/fs/nexus-scratch/sjxu/miniconda3/envs/svd_control/lib/python3.9/site-packages/torchvision/models/_utils.py:223: UserWarning: Arguments other than a weight enum or `None` for 'weights' are deprecated since 0.13 and may be removed in the future. The current behavior is equivalent to passing `weights=AlexNet_Weights.IMAGENET1K_V1`. You can also use `weights=AlexNet_Weights.DEFAULT` to get the most up-to-date weights.
  warnings.warn(msg)
Setting up [LPIPS] perceptual loss: trunk [alex], v[0.1], spatial [off]
/fs/nexus-scratch/sjxu/miniconda3/envs/svd_control/lib/python3.9/site-packages/torchvision/models/_utils.py:208: UserWarning: The parameter 'pretrained' is deprecated since 0.13 and may be removed in the future, please use 'weights' instead.
  warnings.warn(
/fs/nexus-scratch/sjxu/miniconda3/envs/svd_control/lib/python3.9/site-packages/torchvision/models/_utils.py:223: UserWarning: Arguments other than a weight enum or `None` for 'weights' are deprecated since 0.13 and may be removed in the future. The current behavior is equivalent to passing `weights=AlexNet_Weights.IMAGENET1K_V1`. You can also use `weights=AlexNet_Weights.DEFAULT` to get the most up-to-date weights.
  warnings.warn(msg)
Setting up [LPIPS] perceptual loss: trunk [alex], v[0.1], spatial [off]
/fs/nexus-scratch/sjxu/miniconda3/envs/svd_control/lib/python3.9/site-packages/torchvision/models/_utils.py:208: UserWarning: The parameter 'pretrained' is deprecated since 0.13 and may be removed in the future, please use 'weights' instead.
  warnings.warn(
/fs/nexus-scratch/sjxu/miniconda3/envs/svd_control/lib/python3.9/site-packages/torchvision/models/_utils.py:223: UserWarning: Arguments other than a weight enum or `None` for 'weights' are deprecated since 0.13 and may be removed in the future. The current behavior is equivalent to passing `weights=AlexNet_Weights.IMAGENET1K_V1`. You can also use `weights=AlexNet_Weights.DEFAULT` to get the most up-to-date weights.
  warnings.warn(msg)
Loading model from: /fs/nexus-scratch/sjxu/miniconda3/envs/svd_control/lib/python3.9/site-packages/lpips/weights/v0.1/alex.pth
/fs/nexus-scratch/sjxu/miniconda3/envs/svd_control/lib/python3.9/site-packages/lpips/lpips.py:107: FutureWarning: You are using `torch.load` with `weights_only=False` (the current default value), which uses the default pickle module implicitly. It is possible to construct malicious pickle data which will execute arbitrary code during unpickling (See https://github.com/pytorch/pytorch/blob/main/SECURITY.md#untrusted-models for more details). In a future release, the default value for `weights_only` will be flipped to `True`. This limits the functions that could be executed during unpickling. Arbitrary objects will no longer be allowed to be loaded via this mode unless they are explicitly allowlisted by the user via `torch.serialization.add_safe_globals`. We recommend you start setting `weights_only=True` for any use case where you don't have full control of the loaded file. Please open an issue on GitHub for any issues related to this experimental feature.
  self.load_state_dict(torch.load(model_path, map_location='cpu'), strict=False)
Loading model from: /fs/nexus-scratch/sjxu/miniconda3/envs/svd_control/lib/python3.9/site-packages/lpips/weights/v0.1/alex.pth
/fs/nexus-scratch/sjxu/miniconda3/envs/svd_control/lib/python3.9/site-packages/lpips/lpips.py:107: FutureWarning: You are using `torch.load` with `weights_only=False` (the current default value), which uses the default pickle module implicitly. It is possible to construct malicious pickle data which will execute arbitrary code during unpickling (See https://github.com/pytorch/pytorch/blob/main/SECURITY.md#untrusted-models for more details). In a future release, the default value for `weights_only` will be flipped to `True`. This limits the functions that could be executed during unpickling. Arbitrary objects will no longer be allowed to be loaded via this mode unless they are explicitly allowlisted by the user via `torch.serialization.add_safe_globals`. We recommend you start setting `weights_only=True` for any use case where you don't have full control of the loaded file. Please open an issue on GitHub for any issues related to this experimental feature.
  self.load_state_dict(torch.load(model_path, map_location='cpu'), strict=False)
Loading model from: /fs/nexus-scratch/sjxu/miniconda3/envs/svd_control/lib/python3.9/site-packages/lpips/weights/v0.1/alex.pth
/fs/nexus-scratch/sjxu/miniconda3/envs/svd_control/lib/python3.9/site-packages/lpips/lpips.py:107: FutureWarning: You are using `torch.load` with `weights_only=False` (the current default value), which uses the default pickle module implicitly. It is possible to construct malicious pickle data which will execute arbitrary code during unpickling (See https://github.com/pytorch/pytorch/blob/main/SECURITY.md#untrusted-models for more details). In a future release, the default value for `weights_only` will be flipped to `True`. This limits the functions that could be executed during unpickling. Arbitrary objects will no longer be allowed to be loaded via this mode unless they are explicitly allowlisted by the user via `torch.serialization.add_safe_globals`. We recommend you start setting `weights_only=True` for any use case where you don't have full control of the loaded file. Please open an issue on GitHub for any issues related to this experimental feature.
  self.load_state_dict(torch.load(model_path, map_location='cpu'), strict=False)
Loading model from: /fs/nexus-scratch/sjxu/miniconda3/envs/svd_control/lib/python3.9/site-packages/lpips/weights/v0.1/alex.pth
/fs/nexus-scratch/sjxu/miniconda3/envs/svd_control/lib/python3.9/site-packages/lpips/lpips.py:107: FutureWarning: You are using `torch.load` with `weights_only=False` (the current default value), which uses the default pickle module implicitly. It is possible to construct malicious pickle data which will execute arbitrary code during unpickling (See https://github.com/pytorch/pytorch/blob/main/SECURITY.md#untrusted-models for more details). In a future release, the default value for `weights_only` will be flipped to `True`. This limits the functions that could be executed during unpickling. Arbitrary objects will no longer be allowed to be loaded via this mode unless they are explicitly allowlisted by the user via `torch.serialization.add_safe_globals`. We recommend you start setting `weights_only=True` for any use case where you don't have full control of the loaded file. Please open an issue on GitHub for any issues related to this experimental feature.
  self.load_state_dict(torch.load(model_path, map_location='cpu'), strict=False)
FrozenDict([('sample_size', 96), ('in_channels', 8), ('out_channels', 4), ('down_block_types', ['CrossAttnDownBlockSpatioTemporal', 'CrossAttnDownBlockSpatioTemporal', 'CrossAttnDownBlockSpatioTemporal', 'DownBlockSpatioTemporal']), ('up_block_types', ['UpBlockSpatioTemporal', 'CrossAttnUpBlockSpatioTemporal', 'CrossAttnUpBlockSpatioTemporal', 'CrossAttnUpBlockSpatioTemporal']), ('block_out_channels', [320, 640, 1280, 1280]), ('addition_time_embed_dim', 256), ('projection_class_embeddings_input_dim', 768), ('layers_per_block', 2), ('cross_attention_dim', 1024), ('transformer_layers_per_block', 1), ('num_attention_heads', [5, 10, 20, 20]), ('num_frames', 14), ('_class_name', 'UNetSpatioTemporalConditionModel'), ('_diffusers_version', '0.24.0.dev0'), ('_name_or_path', 'stabilityai/stable-video-diffusion-img2vid')])
layers per block is 2
11/29/2024 17:55:35 - INFO - __main__ - Initializing controlnet weights from unet
FrozenDict([('sample_size', 96), ('in_channels', 8), ('out_channels', 4), ('down_block_types', ['CrossAttnDownBlockSpatioTemporal', 'CrossAttnDownBlockSpatioTemporal', 'CrossAttnDownBlockSpatioTemporal', 'DownBlockSpatioTemporal']), ('up_block_types', ['UpBlockSpatioTemporal', 'CrossAttnUpBlockSpatioTemporal', 'CrossAttnUpBlockSpatioTemporal', 'CrossAttnUpBlockSpatioTemporal']), ('block_out_channels', [320, 640, 1280, 1280]), ('addition_time_embed_dim', 256), ('projection_class_embeddings_input_dim', 768), ('layers_per_block', 2), ('cross_attention_dim', 1024), ('transformer_layers_per_block', 1), ('num_attention_heads', [5, 10, 20, 20]), ('num_frames', 14), ('_class_name', 'UNetSpatioTemporalConditionModel'), ('_diffusers_version', '0.24.0.dev0'), ('_name_or_path', 'stabilityai/stable-video-diffusion-img2vid')])
layers per block is 2
FrozenDict([('sample_size', 96), ('in_channels', 8), ('out_channels', 4), ('down_block_types', ['CrossAttnDownBlockSpatioTemporal', 'CrossAttnDownBlockSpatioTemporal', 'CrossAttnDownBlockSpatioTemporal', 'DownBlockSpatioTemporal']), ('up_block_types', ['UpBlockSpatioTemporal', 'CrossAttnUpBlockSpatioTemporal', 'CrossAttnUpBlockSpatioTemporal', 'CrossAttnUpBlockSpatioTemporal']), ('block_out_channels', [320, 640, 1280, 1280]), ('addition_time_embed_dim', 256), ('projection_class_embeddings_input_dim', 768), ('layers_per_block', 2), ('cross_attention_dim', 1024), ('transformer_layers_per_block', 1), ('num_attention_heads', [5, 10, 20, 20]), ('num_frames', 14), ('_class_name', 'UNetSpatioTemporalConditionModel'), ('_diffusers_version', '0.24.0.dev0'), ('_name_or_path', 'stabilityai/stable-video-diffusion-img2vid')])
layers per block is 2
FrozenDict([('sample_size', 96), ('in_channels', 8), ('out_channels', 4), ('down_block_types', ['CrossAttnDownBlockSpatioTemporal', 'CrossAttnDownBlockSpatioTemporal', 'CrossAttnDownBlockSpatioTemporal', 'DownBlockSpatioTemporal']), ('up_block_types', ['UpBlockSpatioTemporal', 'CrossAttnUpBlockSpatioTemporal', 'CrossAttnUpBlockSpatioTemporal', 'CrossAttnUpBlockSpatioTemporal']), ('block_out_channels', [320, 640, 1280, 1280]), ('addition_time_embed_dim', 256), ('projection_class_embeddings_input_dim', 768), ('layers_per_block', 2), ('cross_attention_dim', 1024), ('transformer_layers_per_block', 1), ('num_attention_heads', [5, 10, 20, 20]), ('num_frames', 14), ('_class_name', 'UNetSpatioTemporalConditionModel'), ('_diffusers_version', '0.24.0.dev0'), ('_name_or_path', 'stabilityai/stable-video-diffusion-img2vid')])
layers per block is 2
1
1
1
1
data scale: 5910
length 5910
sample size (512, 512)
Traceback (most recent call last):
  File "/fs/nexus-scratch/sjxu/svd-temporal-controlnet/train_svd_con.py", line 1914, in <module>
    main()
  File "/fs/nexus-scratch/sjxu/svd-temporal-controlnet/train_svd_con.py", line 1189, in main
    unet, optimizer, lr_scheduler, train_dataloader, controlnet = accelerator.prepare(
  File "/fs/nexus-scratch/sjxu/miniconda3/envs/svd_control/lib/python3.9/site-packages/accelerate/accelerator.py", line 1290, in prepare
    raise AssertionError(
AssertionError: You can't use same `Accelerator()` instance with multiple models when using DeepSpeed
[rank3]: Traceback (most recent call last):
[rank3]:   File "/fs/nexus-scratch/sjxu/svd-temporal-controlnet/train_svd_con.py", line 1914, in <module>
[rank3]:     main()
[rank3]:   File "/fs/nexus-scratch/sjxu/svd-temporal-controlnet/train_svd_con.py", line 1189, in main
[rank3]:     unet, optimizer, lr_scheduler, train_dataloader, controlnet = accelerator.prepare(
[rank3]:   File "/fs/nexus-scratch/sjxu/miniconda3/envs/svd_control/lib/python3.9/site-packages/accelerate/accelerator.py", line 1290, in prepare
[rank3]:     raise AssertionError(
[rank3]: AssertionError: You can't use same `Accelerator()` instance with multiple models when using DeepSpeed
data scale: 5910
length 5910
sample size (512, 512)
Traceback (most recent call last):
  File "/fs/nexus-scratch/sjxu/svd-temporal-controlnet/train_svd_con.py", line 1914, in <module>
    main()
  File "/fs/nexus-scratch/sjxu/svd-temporal-controlnet/train_svd_con.py", line 1189, in main
    unet, optimizer, lr_scheduler, train_dataloader, controlnet = accelerator.prepare(
  File "/fs/nexus-scratch/sjxu/miniconda3/envs/svd_control/lib/python3.9/site-packages/accelerate/accelerator.py", line 1290, in prepare
    raise AssertionError(
AssertionError: You can't use same `Accelerator()` instance with multiple models when using DeepSpeed
data scale: 5910
[rank2]: Traceback (most recent call last):
[rank2]:   File "/fs/nexus-scratch/sjxu/svd-temporal-controlnet/train_svd_con.py", line 1914, in <module>
[rank2]:     main()
[rank2]:   File "/fs/nexus-scratch/sjxu/svd-temporal-controlnet/train_svd_con.py", line 1189, in main
[rank2]:     unet, optimizer, lr_scheduler, train_dataloader, controlnet = accelerator.prepare(
[rank2]:   File "/fs/nexus-scratch/sjxu/miniconda3/envs/svd_control/lib/python3.9/site-packages/accelerate/accelerator.py", line 1290, in prepare
[rank2]:     raise AssertionError(
[rank2]: AssertionError: You can't use same `Accelerator()` instance with multiple models when using DeepSpeed
length 5910
sample size (512, 512)
data scale: 5910
length 5910
sample size (512, 512)
Traceback (most recent call last):
  File "/fs/nexus-scratch/sjxu/svd-temporal-controlnet/train_svd_con.py", line 1914, in <module>
    main()
  File "/fs/nexus-scratch/sjxu/svd-temporal-controlnet/train_svd_con.py", line 1189, in main
    unet, optimizer, lr_scheduler, train_dataloader, controlnet = accelerator.prepare(
  File "/fs/nexus-scratch/sjxu/miniconda3/envs/svd_control/lib/python3.9/site-packages/accelerate/accelerator.py", line 1290, in prepare
    raise AssertionError(
AssertionError: You can't use same `Accelerator()` instance with multiple models when using DeepSpeed
[rank1]: Traceback (most recent call last):
[rank1]:   File "/fs/nexus-scratch/sjxu/svd-temporal-controlnet/train_svd_con.py", line 1914, in <module>
[rank1]:     main()
[rank1]:   File "/fs/nexus-scratch/sjxu/svd-temporal-controlnet/train_svd_con.py", line 1189, in main
[rank1]:     unet, optimizer, lr_scheduler, train_dataloader, controlnet = accelerator.prepare(
[rank1]:   File "/fs/nexus-scratch/sjxu/miniconda3/envs/svd_control/lib/python3.9/site-packages/accelerate/accelerator.py", line 1290, in prepare
[rank1]:     raise AssertionError(
[rank1]: AssertionError: You can't use same `Accelerator()` instance with multiple models when using DeepSpeed
Traceback (most recent call last):
  File "/fs/nexus-scratch/sjxu/svd-temporal-controlnet/train_svd_con.py", line 1914, in <module>
    main()
  File "/fs/nexus-scratch/sjxu/svd-temporal-controlnet/train_svd_con.py", line 1189, in main
    unet, optimizer, lr_scheduler, train_dataloader, controlnet = accelerator.prepare(
  File "/fs/nexus-scratch/sjxu/miniconda3/envs/svd_control/lib/python3.9/site-packages/accelerate/accelerator.py", line 1290, in prepare
    raise AssertionError(
AssertionError: You can't use same `Accelerator()` instance with multiple models when using DeepSpeed
[rank0]: Traceback (most recent call last):
[rank0]:   File "/fs/nexus-scratch/sjxu/svd-temporal-controlnet/train_svd_con.py", line 1914, in <module>
[rank0]:     main()
[rank0]:   File "/fs/nexus-scratch/sjxu/svd-temporal-controlnet/train_svd_con.py", line 1189, in main
[rank0]:     unet, optimizer, lr_scheduler, train_dataloader, controlnet = accelerator.prepare(
[rank0]:   File "/fs/nexus-scratch/sjxu/miniconda3/envs/svd_control/lib/python3.9/site-packages/accelerate/accelerator.py", line 1290, in prepare
[rank0]:     raise AssertionError(
[rank0]: AssertionError: You can't use same `Accelerator()` instance with multiple models when using DeepSpeed
W1129 17:55:43.500665 139922737112064 torch/distributed/elastic/multiprocessing/api.py:858] Sending process 1757659 closing signal SIGTERM
W1129 17:55:43.500961 139922737112064 torch/distributed/elastic/multiprocessing/api.py:858] Sending process 1757661 closing signal SIGTERM
W1129 17:55:43.501027 139922737112064 torch/distributed/elastic/multiprocessing/api.py:858] Sending process 1757664 closing signal SIGTERM
E1129 17:55:43.596071 139922737112064 torch/distributed/elastic/multiprocessing/api.py:833] failed (exitcode: 1) local_rank: 3 (pid: 1757666) of binary: /fs/nexus-scratch/sjxu/miniconda3/envs/svd_control/bin/python
Warning: The cache directory for DeepSpeed Triton autotune, /fs/nexus-scratch/sjxu/.triton/autotune, appears to be on an NFS system. While this is generally acceptable, if you experience slowdowns or hanging when DeepSpeed exits, it is recommended to set the TRITON_CACHE_DIR environment variable to a non-NFS path.
Traceback (most recent call last):
  File "/fs/nexus-scratch/sjxu/miniconda3/envs/svd_control/bin/accelerate", line 8, in <module>
    sys.exit(main())
  File "/fs/nexus-scratch/sjxu/miniconda3/envs/svd_control/lib/python3.9/site-packages/accelerate/commands/accelerate_cli.py", line 48, in main
    args.func(args)
  File "/fs/nexus-scratch/sjxu/miniconda3/envs/svd_control/lib/python3.9/site-packages/accelerate/commands/launch.py", line 1153, in launch_command
    deepspeed_launcher(args)
  File "/fs/nexus-scratch/sjxu/miniconda3/envs/svd_control/lib/python3.9/site-packages/accelerate/commands/launch.py", line 846, in deepspeed_launcher
    distrib_run.run(args)
  File "/fs/nexus-scratch/sjxu/miniconda3/envs/svd_control/lib/python3.9/site-packages/torch/distributed/run.py", line 892, in run
    elastic_launch(
  File "/fs/nexus-scratch/sjxu/miniconda3/envs/svd_control/lib/python3.9/site-packages/torch/distributed/launcher/api.py", line 133, in __call__
    return launch_agent(self._config, self._entrypoint, list(args))
  File "/fs/nexus-scratch/sjxu/miniconda3/envs/svd_control/lib/python3.9/site-packages/torch/distributed/launcher/api.py", line 264, in launch_agent
    raise ChildFailedError(
torch.distributed.elastic.multiprocessing.errors.ChildFailedError: 
============================================================
train_svd_con.py FAILED
------------------------------------------------------------
Failures:
  <NO_OTHER_FAILURES>
------------------------------------------------------------
Root Cause (first observed failure):
[0]:
  time      : 2024-11-29_17:55:43
  host      : gammagpu17.umiacs.umd.edu
  rank      : 3 (local_rank: 3)
  exitcode  : 1 (pid: 1757666)
  error_file: <N/A>
  traceback : To enable traceback see: https://pytorch.org/docs/stable/elastic/errors.html
============================================================
srun: error: gammagpu17: task 1: Exited with exit code 1
