NODELIST=gammagpu11
MASTER_ADDR=gammagpu11
The following values were not passed to `accelerate launch` and had defaults used instead:
	`--num_processes` was set to a value of `4`
		More than one GPU was found, enabling multi-GPU training.
		If this was unintended please pass in `--num_processes=1`.
	`--num_machines` was set to a value of `1`
	`--mixed_precision` was set to a value of `'no'`
	`--dynamo_backend` was set to a value of `'no'`
To avoid this warning pass in values for each of the problematic parameters or run `accelerate config`.
The following values were not passed to `accelerate launch` and had defaults used instead:
	`--num_processes` was set to a value of `4`
		More than one GPU was found, enabling multi-GPU training.
		If this was unintended please pass in `--num_processes=1`.
	`--num_machines` was set to a value of `1`
	`--mixed_precision` was set to a value of `'no'`
	`--dynamo_backend` was set to a value of `'no'`
To avoid this warning pass in values for each of the problematic parameters or run `accelerate config`.
The following values were not passed to `accelerate launch` and had defaults used instead:
	`--num_processes` was set to a value of `4`
		More than one GPU was found, enabling multi-GPU training.
		If this was unintended please pass in `--num_processes=1`.
	`--num_machines` was set to a value of `1`
	`--mixed_precision` was set to a value of `'no'`
	`--dynamo_backend` was set to a value of `'no'`
To avoid this warning pass in values for each of the problematic parameters or run `accelerate config`.
The following values were not passed to `accelerate launch` and had defaults used instead:
	`--num_processes` was set to a value of `4`
		More than one GPU was found, enabling multi-GPU training.
		If this was unintended please pass in `--num_processes=1`.
	`--num_machines` was set to a value of `1`
	`--mixed_precision` was set to a value of `'no'`
	`--dynamo_backend` was set to a value of `'no'`
To avoid this warning pass in values for each of the problematic parameters or run `accelerate config`.
Traceback (most recent call last):
  File "/fs/nexus-scratch/sjxu/miniconda3/envs/svd_control/bin/accelerate", line 8, in <module>
    sys.exit(main())
  File "/fs/nexus-scratch/sjxu/miniconda3/envs/svd_control/lib/python3.9/site-packages/accelerate/commands/accelerate_cli.py", line 48, in main
Traceback (most recent call last):
  File "/fs/nexus-scratch/sjxu/miniconda3/envs/svd_control/bin/accelerate", line 8, in <module>
    sys.exit(main())
  File "/fs/nexus-scratch/sjxu/miniconda3/envs/svd_control/lib/python3.9/site-packages/accelerate/commands/accelerate_cli.py", line 48, in main
    args.func(args)
  File "/fs/nexus-scratch/sjxu/miniconda3/envs/svd_control/lib/python3.9/site-packages/accelerate/commands/launch.py", line 1097, in launch_command
Traceback (most recent call last):
  File "/fs/nexus-scratch/sjxu/miniconda3/envs/svd_control/bin/accelerate", line 8, in <module>
    sys.exit(main())
  File "/fs/nexus-scratch/sjxu/miniconda3/envs/svd_control/lib/python3.9/site-packages/accelerate/commands/accelerate_cli.py", line 48, in main
    args.func(args)
  File "/fs/nexus-scratch/sjxu/miniconda3/envs/svd_control/lib/python3.9/site-packages/accelerate/commands/launch.py", line 1097, in launch_command
    args.func(args)
  File "/fs/nexus-scratch/sjxu/miniconda3/envs/svd_control/lib/python3.9/site-packages/accelerate/commands/launch.py", line 1097, in launch_command
    multi_gpu_launcher(args)
  File "/fs/nexus-scratch/sjxu/miniconda3/envs/svd_control/lib/python3.9/site-packages/accelerate/commands/launch.py", line 734, in multi_gpu_launcher
    distrib_run.run(args)
  File "/fs/nexus-scratch/sjxu/miniconda3/envs/svd_control/lib/python3.9/site-packages/torch/distributed/run.py", line 892, in run
    multi_gpu_launcher(args)
  File "/fs/nexus-scratch/sjxu/miniconda3/envs/svd_control/lib/python3.9/site-packages/accelerate/commands/launch.py", line 734, in multi_gpu_launcher
    distrib_run.run(args)
  File "/fs/nexus-scratch/sjxu/miniconda3/envs/svd_control/lib/python3.9/site-packages/torch/distributed/run.py", line 892, in run
    multi_gpu_launcher(args)
  File "/fs/nexus-scratch/sjxu/miniconda3/envs/svd_control/lib/python3.9/site-packages/accelerate/commands/launch.py", line 734, in multi_gpu_launcher
    distrib_run.run(args)
  File "/fs/nexus-scratch/sjxu/miniconda3/envs/svd_control/lib/python3.9/site-packages/torch/distributed/run.py", line 892, in run
    elastic_launch(
  File "/fs/nexus-scratch/sjxu/miniconda3/envs/svd_control/lib/python3.9/site-packages/torch/distributed/launcher/api.py", line 133, in __call__
    elastic_launch(
  File "/fs/nexus-scratch/sjxu/miniconda3/envs/svd_control/lib/python3.9/site-packages/torch/distributed/launcher/api.py", line 133, in __call__
    return launch_agent(self._config, self._entrypoint, list(args))
  File "/fs/nexus-scratch/sjxu/miniconda3/envs/svd_control/lib/python3.9/site-packages/torch/distributed/launcher/api.py", line 255, in launch_agent
    elastic_launch(
  File "/fs/nexus-scratch/sjxu/miniconda3/envs/svd_control/lib/python3.9/site-packages/torch/distributed/launcher/api.py", line 133, in __call__
    return launch_agent(self._config, self._entrypoint, list(args))
  File "/fs/nexus-scratch/sjxu/miniconda3/envs/svd_control/lib/python3.9/site-packages/torch/distributed/launcher/api.py", line 255, in launch_agent
    result = agent.run()
  File "/fs/nexus-scratch/sjxu/miniconda3/envs/svd_control/lib/python3.9/site-packages/torch/distributed/elastic/metrics/api.py", line 124, in wrapper
    return launch_agent(self._config, self._entrypoint, list(args))
  File "/fs/nexus-scratch/sjxu/miniconda3/envs/svd_control/lib/python3.9/site-packages/torch/distributed/launcher/api.py", line 255, in launch_agent
    result = agent.run()
  File "/fs/nexus-scratch/sjxu/miniconda3/envs/svd_control/lib/python3.9/site-packages/torch/distributed/elastic/metrics/api.py", line 124, in wrapper
    result = f(*args, **kwargs)
  File "/fs/nexus-scratch/sjxu/miniconda3/envs/svd_control/lib/python3.9/site-packages/torch/distributed/elastic/agent/server/api.py", line 680, in run
    result = agent.run()
  File "/fs/nexus-scratch/sjxu/miniconda3/envs/svd_control/lib/python3.9/site-packages/torch/distributed/elastic/metrics/api.py", line 124, in wrapper
    result = f(*args, **kwargs)
  File "/fs/nexus-scratch/sjxu/miniconda3/envs/svd_control/lib/python3.9/site-packages/torch/distributed/elastic/agent/server/api.py", line 680, in run
    result = self._invoke_run(role)
  File "/fs/nexus-scratch/sjxu/miniconda3/envs/svd_control/lib/python3.9/site-packages/torch/distributed/elastic/agent/server/api.py", line 829, in _invoke_run
    result = f(*args, **kwargs)
  File "/fs/nexus-scratch/sjxu/miniconda3/envs/svd_control/lib/python3.9/site-packages/torch/distributed/elastic/agent/server/api.py", line 680, in run
    self._initialize_workers(self._worker_group)
  File "/fs/nexus-scratch/sjxu/miniconda3/envs/svd_control/lib/python3.9/site-packages/torch/distributed/elastic/metrics/api.py", line 124, in wrapper
    result = self._invoke_run(role)
  File "/fs/nexus-scratch/sjxu/miniconda3/envs/svd_control/lib/python3.9/site-packages/torch/distributed/elastic/agent/server/api.py", line 829, in _invoke_run
    result = self._invoke_run(role)
  File "/fs/nexus-scratch/sjxu/miniconda3/envs/svd_control/lib/python3.9/site-packages/torch/distributed/elastic/agent/server/api.py", line 829, in _invoke_run
    self._initialize_workers(self._worker_group)
  File "/fs/nexus-scratch/sjxu/miniconda3/envs/svd_control/lib/python3.9/site-packages/torch/distributed/elastic/metrics/api.py", line 124, in wrapper
    result = f(*args, **kwargs)
  File "/fs/nexus-scratch/sjxu/miniconda3/envs/svd_control/lib/python3.9/site-packages/torch/distributed/elastic/agent/server/api.py", line 652, in _initialize_workers
    result = f(*args, **kwargs)
  File "/fs/nexus-scratch/sjxu/miniconda3/envs/svd_control/lib/python3.9/site-packages/torch/distributed/elastic/agent/server/api.py", line 652, in _initialize_workers
    self._rendezvous(worker_group)
  File "/fs/nexus-scratch/sjxu/miniconda3/envs/svd_control/lib/python3.9/site-packages/torch/distributed/elastic/metrics/api.py", line 124, in wrapper
    self._initialize_workers(self._worker_group)
  File "/fs/nexus-scratch/sjxu/miniconda3/envs/svd_control/lib/python3.9/site-packages/torch/distributed/elastic/metrics/api.py", line 124, in wrapper
    self._rendezvous(worker_group)
  File "/fs/nexus-scratch/sjxu/miniconda3/envs/svd_control/lib/python3.9/site-packages/torch/distributed/elastic/metrics/api.py", line 124, in wrapper
    result = f(*args, **kwargs)
  File "/fs/nexus-scratch/sjxu/miniconda3/envs/svd_control/lib/python3.9/site-packages/torch/distributed/elastic/agent/server/api.py", line 489, in _rendezvous
    result = f(*args, **kwargs)
  File "/fs/nexus-scratch/sjxu/miniconda3/envs/svd_control/lib/python3.9/site-packages/torch/distributed/elastic/agent/server/api.py", line 652, in _initialize_workers
    result = f(*args, **kwargs)
  File "/fs/nexus-scratch/sjxu/miniconda3/envs/svd_control/lib/python3.9/site-packages/torch/distributed/elastic/agent/server/api.py", line 489, in _rendezvous
    rdzv_info = spec.rdzv_handler.next_rendezvous()
  File "/fs/nexus-scratch/sjxu/miniconda3/envs/svd_control/lib/python3.9/site-packages/torch/distributed/elastic/rendezvous/static_tcp_rendezvous.py", line 66, in next_rendezvous
    self._rendezvous(worker_group)
  File "/fs/nexus-scratch/sjxu/miniconda3/envs/svd_control/lib/python3.9/site-packages/torch/distributed/elastic/metrics/api.py", line 124, in wrapper
    rdzv_info = spec.rdzv_handler.next_rendezvous()
  File "/fs/nexus-scratch/sjxu/miniconda3/envs/svd_control/lib/python3.9/site-packages/torch/distributed/elastic/rendezvous/static_tcp_rendezvous.py", line 66, in next_rendezvous
    result = f(*args, **kwargs)
  File "/fs/nexus-scratch/sjxu/miniconda3/envs/svd_control/lib/python3.9/site-packages/torch/distributed/elastic/agent/server/api.py", line 489, in _rendezvous
    self._store = TCPStore(  # type: ignore[call-arg]
RuntimeError: The server socket has failed to listen on any local network address. useIpv6: 0, code: -98, name: EADDRINUSE, message: address already in use
    self._store = TCPStore(  # type: ignore[call-arg]
RuntimeError: The server socket has failed to listen on any local network address. useIpv6: 0, code: -98, name: EADDRINUSE, message: address already in use
    rdzv_info = spec.rdzv_handler.next_rendezvous()
  File "/fs/nexus-scratch/sjxu/miniconda3/envs/svd_control/lib/python3.9/site-packages/torch/distributed/elastic/rendezvous/static_tcp_rendezvous.py", line 66, in next_rendezvous
    self._store = TCPStore(  # type: ignore[call-arg]
RuntimeError: The server socket has failed to listen on any local network address. useIpv6: 0, code: -98, name: EADDRINUSE, message: address already in use
srun: error: gammagpu11: tasks 0-1,3: Exited with exit code 1
/fs/nexus-scratch/sjxu/miniconda3/envs/svd_control/lib/python3.9/site-packages/diffusers/utils/outputs.py:63: FutureWarning: `torch.utils._pytree._register_pytree_node` is deprecated. Please use `torch.utils._pytree.register_pytree_node` instead.
  torch.utils._pytree._register_pytree_node(
/fs/nexus-scratch/sjxu/miniconda3/envs/svd_control/lib/python3.9/site-packages/diffusers/utils/outputs.py:63: FutureWarning: `torch.utils._pytree._register_pytree_node` is deprecated. Please use `torch.utils._pytree.register_pytree_node` instead.
  torch.utils._pytree._register_pytree_node(
/fs/nexus-scratch/sjxu/miniconda3/envs/svd_control/lib/python3.9/site-packages/diffusers/utils/outputs.py:63: FutureWarning: `torch.utils._pytree._register_pytree_node` is deprecated. Please use `torch.utils._pytree.register_pytree_node` instead.
  torch.utils._pytree._register_pytree_node(
/fs/nexus-scratch/sjxu/miniconda3/envs/svd_control/lib/python3.9/site-packages/diffusers/utils/outputs.py:63: FutureWarning: `torch.utils._pytree._register_pytree_node` is deprecated. Please use `torch.utils._pytree.register_pytree_node` instead.
  torch.utils._pytree._register_pytree_node(
/fs/nexus-scratch/sjxu/miniconda3/envs/svd_control/lib/python3.9/site-packages/xformers/ops/fmha/flash.py:211: FutureWarning: `torch.library.impl_abstract` was renamed to `torch.library.register_fake`. Please use that instead; we will remove `torch.library.impl_abstract` in a future version of PyTorch.
  @torch.library.impl_abstract("xformers_flash::flash_fwd")
/fs/nexus-scratch/sjxu/miniconda3/envs/svd_control/lib/python3.9/site-packages/xformers/ops/fmha/flash.py:211: FutureWarning: `torch.library.impl_abstract` was renamed to `torch.library.register_fake`. Please use that instead; we will remove `torch.library.impl_abstract` in a future version of PyTorch.
  @torch.library.impl_abstract("xformers_flash::flash_fwd")
/fs/nexus-scratch/sjxu/miniconda3/envs/svd_control/lib/python3.9/site-packages/xformers/ops/fmha/flash.py:211: FutureWarning: `torch.library.impl_abstract` was renamed to `torch.library.register_fake`. Please use that instead; we will remove `torch.library.impl_abstract` in a future version of PyTorch.
  @torch.library.impl_abstract("xformers_flash::flash_fwd")
/fs/nexus-scratch/sjxu/miniconda3/envs/svd_control/lib/python3.9/site-packages/xformers/ops/fmha/flash.py:211: FutureWarning: `torch.library.impl_abstract` was renamed to `torch.library.register_fake`. Please use that instead; we will remove `torch.library.impl_abstract` in a future version of PyTorch.
  @torch.library.impl_abstract("xformers_flash::flash_fwd")
/fs/nexus-scratch/sjxu/miniconda3/envs/svd_control/lib/python3.9/site-packages/xformers/ops/fmha/flash.py:344: FutureWarning: `torch.library.impl_abstract` was renamed to `torch.library.register_fake`. Please use that instead; we will remove `torch.library.impl_abstract` in a future version of PyTorch.
  @torch.library.impl_abstract("xformers_flash::flash_bwd")
/fs/nexus-scratch/sjxu/miniconda3/envs/svd_control/lib/python3.9/site-packages/xformers/ops/fmha/flash.py:344: FutureWarning: `torch.library.impl_abstract` was renamed to `torch.library.register_fake`. Please use that instead; we will remove `torch.library.impl_abstract` in a future version of PyTorch.
  @torch.library.impl_abstract("xformers_flash::flash_bwd")
/fs/nexus-scratch/sjxu/miniconda3/envs/svd_control/lib/python3.9/site-packages/xformers/ops/fmha/flash.py:344: FutureWarning: `torch.library.impl_abstract` was renamed to `torch.library.register_fake`. Please use that instead; we will remove `torch.library.impl_abstract` in a future version of PyTorch.
  @torch.library.impl_abstract("xformers_flash::flash_bwd")
/fs/nexus-scratch/sjxu/miniconda3/envs/svd_control/lib/python3.9/site-packages/xformers/ops/fmha/flash.py:344: FutureWarning: `torch.library.impl_abstract` was renamed to `torch.library.register_fake`. Please use that instead; we will remove `torch.library.impl_abstract` in a future version of PyTorch.
  @torch.library.impl_abstract("xformers_flash::flash_bwd")
/fs/nexus-scratch/sjxu/miniconda3/envs/svd_control/lib/python3.9/site-packages/kornia/feature/lightglue.py:44: FutureWarning: `torch.cuda.amp.custom_fwd(args...)` is deprecated. Please use `torch.amp.custom_fwd(args..., device_type='cuda')` instead.
  @torch.cuda.amp.custom_fwd(cast_inputs=torch.float32)
/fs/nexus-scratch/sjxu/miniconda3/envs/svd_control/lib/python3.9/site-packages/kornia/feature/lightglue.py:44: FutureWarning: `torch.cuda.amp.custom_fwd(args...)` is deprecated. Please use `torch.amp.custom_fwd(args..., device_type='cuda')` instead.
  @torch.cuda.amp.custom_fwd(cast_inputs=torch.float32)
/fs/nexus-scratch/sjxu/miniconda3/envs/svd_control/lib/python3.9/site-packages/kornia/feature/lightglue.py:44: FutureWarning: `torch.cuda.amp.custom_fwd(args...)` is deprecated. Please use `torch.amp.custom_fwd(args..., device_type='cuda')` instead.
  @torch.cuda.amp.custom_fwd(cast_inputs=torch.float32)
/fs/nexus-scratch/sjxu/miniconda3/envs/svd_control/lib/python3.9/site-packages/kornia/feature/lightglue.py:44: FutureWarning: `torch.cuda.amp.custom_fwd(args...)` is deprecated. Please use `torch.amp.custom_fwd(args..., device_type='cuda')` instead.
  @torch.cuda.amp.custom_fwd(cast_inputs=torch.float32)
/fs/nexus-scratch/sjxu/miniconda3/envs/svd_control/lib/python3.9/site-packages/accelerate/accelerator.py:488: FutureWarning: `torch.cuda.amp.GradScaler(args...)` is deprecated. Please use `torch.amp.GradScaler('cuda', args...)` instead.
  self.scaler = torch.cuda.amp.GradScaler(**kwargs)
Detected kernel version 4.18.0, which is below the recommended minimum of 5.5.0; this can cause the process to hang. It is recommended to upgrade the kernel to the minimum version or higher.
/fs/nexus-scratch/sjxu/miniconda3/envs/svd_control/lib/python3.9/site-packages/accelerate/accelerator.py:488: FutureWarning: `torch.cuda.amp.GradScaler(args...)` is deprecated. Please use `torch.amp.GradScaler('cuda', args...)` instead.
  self.scaler = torch.cuda.amp.GradScaler(**kwargs)
/fs/nexus-scratch/sjxu/miniconda3/envs/svd_control/lib/python3.9/site-packages/accelerate/accelerator.py:488: FutureWarning: `torch.cuda.amp.GradScaler(args...)` is deprecated. Please use `torch.amp.GradScaler('cuda', args...)` instead.
  self.scaler = torch.cuda.amp.GradScaler(**kwargs)
/fs/nexus-scratch/sjxu/miniconda3/envs/svd_control/lib/python3.9/site-packages/accelerate/accelerator.py:488: FutureWarning: `torch.cuda.amp.GradScaler(args...)` is deprecated. Please use `torch.amp.GradScaler('cuda', args...)` instead.
  self.scaler = torch.cuda.amp.GradScaler(**kwargs)
wandb: Currently logged in as: sjxu (sjxu_gamma). Use `wandb login --relogin` to force relogin
wandb: Appending key for api.wandb.ai to your netrc file: /fs/nexus-scratch/sjxu/.netrc
11/24/2024 12:10:11 - INFO - __main__ - Distributed environment: MULTI_GPU  Backend: nccl
Num processes: 4
Process index: 0
Local process index: 0
Device: cuda:0

Mixed precision type: fp16

/fs/nexus-scratch/sjxu/miniconda3/envs/svd_control/lib/python3.9/site-packages/huggingface_hub/file_download.py:1150: FutureWarning: `resume_download` is deprecated and will be removed in version 1.0.0. Downloads always resume when possible. If you want to force a new download, use `force_download=True`.
  warnings.warn(
wandb: Currently logged in as: sjxu (sjxu_gamma). Use `wandb login --relogin` to force relogin
wandb: Appending key for api.wandb.ai to your netrc file: /fs/nexus-scratch/sjxu/.netrc
/fs/nexus-scratch/sjxu/miniconda3/envs/svd_control/lib/python3.9/site-packages/diffusers/utils/outputs.py:63: FutureWarning: `torch.utils._pytree._register_pytree_node` is deprecated. Please use `torch.utils._pytree.register_pytree_node` instead.
  torch.utils._pytree._register_pytree_node(
wandb: Currently logged in as: sjxu (sjxu_gamma). Use `wandb login --relogin` to force relogin
wandb: Currently logged in as: sjxu (sjxu_gamma). Use `wandb login --relogin` to force relogin
wandb: Appending key for api.wandb.ai to your netrc file: /fs/nexus-scratch/sjxu/.netrc
{'rescale_betas_zero_snr'} was not found in config. Values will be initialized to default values.
wandb: Appending key for api.wandb.ai to your netrc file: /fs/nexus-scratch/sjxu/.netrc
11/24/2024 12:10:11 - INFO - __main__ - Distributed environment: MULTI_GPU  Backend: nccl
Num processes: 4
Process index: 3
Local process index: 3
Device: cuda:3

Mixed precision type: fp16

/fs/nexus-scratch/sjxu/miniconda3/envs/svd_control/lib/python3.9/site-packages/huggingface_hub/file_download.py:1150: FutureWarning: `resume_download` is deprecated and will be removed in version 1.0.0. Downloads always resume when possible. If you want to force a new download, use `force_download=True`.
  warnings.warn(
11/24/2024 12:10:11 - INFO - __main__ - Distributed environment: MULTI_GPU  Backend: nccl
Num processes: 4
Process index: 1
Local process index: 1
Device: cuda:1

Mixed precision type: fp16

/fs/nexus-scratch/sjxu/miniconda3/envs/svd_control/lib/python3.9/site-packages/diffusers/utils/outputs.py:63: FutureWarning: `torch.utils._pytree._register_pytree_node` is deprecated. Please use `torch.utils._pytree.register_pytree_node` instead.
  torch.utils._pytree._register_pytree_node(
/fs/nexus-scratch/sjxu/miniconda3/envs/svd_control/lib/python3.9/site-packages/huggingface_hub/file_download.py:1150: FutureWarning: `resume_download` is deprecated and will be removed in version 1.0.0. Downloads always resume when possible. If you want to force a new download, use `force_download=True`.
  warnings.warn(
11/24/2024 12:10:11 - INFO - __main__ - Distributed environment: MULTI_GPU  Backend: nccl
Num processes: 4
Process index: 2
Local process index: 2
Device: cuda:2

Mixed precision type: fp16

/fs/nexus-scratch/sjxu/miniconda3/envs/svd_control/lib/python3.9/site-packages/huggingface_hub/file_download.py:1150: FutureWarning: `resume_download` is deprecated and will be removed in version 1.0.0. Downloads always resume when possible. If you want to force a new download, use `force_download=True`.
  warnings.warn(
/fs/nexus-scratch/sjxu/miniconda3/envs/svd_control/lib/python3.9/site-packages/diffusers/utils/outputs.py:63: FutureWarning: `torch.utils._pytree._register_pytree_node` is deprecated. Please use `torch.utils._pytree.register_pytree_node` instead.
  torch.utils._pytree._register_pytree_node(
/fs/nexus-scratch/sjxu/miniconda3/envs/svd_control/lib/python3.9/site-packages/diffusers/utils/outputs.py:63: FutureWarning: `torch.utils._pytree._register_pytree_node` is deprecated. Please use `torch.utils._pytree.register_pytree_node` instead.
  torch.utils._pytree._register_pytree_node(
Setting up [LPIPS] perceptual loss: trunk [alex], v[0.1], spatial [off]
/fs/nexus-scratch/sjxu/miniconda3/envs/svd_control/lib/python3.9/site-packages/torchvision/models/_utils.py:208: UserWarning: The parameter 'pretrained' is deprecated since 0.13 and may be removed in the future, please use 'weights' instead.
  warnings.warn(
/fs/nexus-scratch/sjxu/miniconda3/envs/svd_control/lib/python3.9/site-packages/torchvision/models/_utils.py:223: UserWarning: Arguments other than a weight enum or `None` for 'weights' are deprecated since 0.13 and may be removed in the future. The current behavior is equivalent to passing `weights=AlexNet_Weights.IMAGENET1K_V1`. You can also use `weights=AlexNet_Weights.DEFAULT` to get the most up-to-date weights.
  warnings.warn(msg)
Setting up [LPIPS] perceptual loss: trunk [alex], v[0.1], spatial [off]
/fs/nexus-scratch/sjxu/miniconda3/envs/svd_control/lib/python3.9/site-packages/torchvision/models/_utils.py:208: UserWarning: The parameter 'pretrained' is deprecated since 0.13 and may be removed in the future, please use 'weights' instead.
  warnings.warn(
/fs/nexus-scratch/sjxu/miniconda3/envs/svd_control/lib/python3.9/site-packages/torchvision/models/_utils.py:223: UserWarning: Arguments other than a weight enum or `None` for 'weights' are deprecated since 0.13 and may be removed in the future. The current behavior is equivalent to passing `weights=AlexNet_Weights.IMAGENET1K_V1`. You can also use `weights=AlexNet_Weights.DEFAULT` to get the most up-to-date weights.
  warnings.warn(msg)
Setting up [LPIPS] perceptual loss: trunk [alex], v[0.1], spatial [off]
/fs/nexus-scratch/sjxu/miniconda3/envs/svd_control/lib/python3.9/site-packages/torchvision/models/_utils.py:208: UserWarning: The parameter 'pretrained' is deprecated since 0.13 and may be removed in the future, please use 'weights' instead.
  warnings.warn(
/fs/nexus-scratch/sjxu/miniconda3/envs/svd_control/lib/python3.9/site-packages/torchvision/models/_utils.py:223: UserWarning: Arguments other than a weight enum or `None` for 'weights' are deprecated since 0.13 and may be removed in the future. The current behavior is equivalent to passing `weights=AlexNet_Weights.IMAGENET1K_V1`. You can also use `weights=AlexNet_Weights.DEFAULT` to get the most up-to-date weights.
  warnings.warn(msg)
Setting up [LPIPS] perceptual loss: trunk [alex], v[0.1], spatial [off]
/fs/nexus-scratch/sjxu/miniconda3/envs/svd_control/lib/python3.9/site-packages/torchvision/models/_utils.py:208: UserWarning: The parameter 'pretrained' is deprecated since 0.13 and may be removed in the future, please use 'weights' instead.
  warnings.warn(
/fs/nexus-scratch/sjxu/miniconda3/envs/svd_control/lib/python3.9/site-packages/torchvision/models/_utils.py:223: UserWarning: Arguments other than a weight enum or `None` for 'weights' are deprecated since 0.13 and may be removed in the future. The current behavior is equivalent to passing `weights=AlexNet_Weights.IMAGENET1K_V1`. You can also use `weights=AlexNet_Weights.DEFAULT` to get the most up-to-date weights.
  warnings.warn(msg)
Loading model from: /fs/nexus-scratch/sjxu/miniconda3/envs/svd_control/lib/python3.9/site-packages/lpips/weights/v0.1/alex.pth
/fs/nexus-scratch/sjxu/miniconda3/envs/svd_control/lib/python3.9/site-packages/lpips/lpips.py:107: FutureWarning: You are using `torch.load` with `weights_only=False` (the current default value), which uses the default pickle module implicitly. It is possible to construct malicious pickle data which will execute arbitrary code during unpickling (See https://github.com/pytorch/pytorch/blob/main/SECURITY.md#untrusted-models for more details). In a future release, the default value for `weights_only` will be flipped to `True`. This limits the functions that could be executed during unpickling. Arbitrary objects will no longer be allowed to be loaded via this mode unless they are explicitly allowlisted by the user via `torch.serialization.add_safe_globals`. We recommend you start setting `weights_only=True` for any use case where you don't have full control of the loaded file. Please open an issue on GitHub for any issues related to this experimental feature.
  self.load_state_dict(torch.load(model_path, map_location='cpu'), strict=False)
Loading model from: /fs/nexus-scratch/sjxu/miniconda3/envs/svd_control/lib/python3.9/site-packages/lpips/weights/v0.1/alex.pth
/fs/nexus-scratch/sjxu/miniconda3/envs/svd_control/lib/python3.9/site-packages/lpips/lpips.py:107: FutureWarning: You are using `torch.load` with `weights_only=False` (the current default value), which uses the default pickle module implicitly. It is possible to construct malicious pickle data which will execute arbitrary code during unpickling (See https://github.com/pytorch/pytorch/blob/main/SECURITY.md#untrusted-models for more details). In a future release, the default value for `weights_only` will be flipped to `True`. This limits the functions that could be executed during unpickling. Arbitrary objects will no longer be allowed to be loaded via this mode unless they are explicitly allowlisted by the user via `torch.serialization.add_safe_globals`. We recommend you start setting `weights_only=True` for any use case where you don't have full control of the loaded file. Please open an issue on GitHub for any issues related to this experimental feature.
  self.load_state_dict(torch.load(model_path, map_location='cpu'), strict=False)
Loading model from: /fs/nexus-scratch/sjxu/miniconda3/envs/svd_control/lib/python3.9/site-packages/lpips/weights/v0.1/alex.pth
/fs/nexus-scratch/sjxu/miniconda3/envs/svd_control/lib/python3.9/site-packages/lpips/lpips.py:107: FutureWarning: You are using `torch.load` with `weights_only=False` (the current default value), which uses the default pickle module implicitly. It is possible to construct malicious pickle data which will execute arbitrary code during unpickling (See https://github.com/pytorch/pytorch/blob/main/SECURITY.md#untrusted-models for more details). In a future release, the default value for `weights_only` will be flipped to `True`. This limits the functions that could be executed during unpickling. Arbitrary objects will no longer be allowed to be loaded via this mode unless they are explicitly allowlisted by the user via `torch.serialization.add_safe_globals`. We recommend you start setting `weights_only=True` for any use case where you don't have full control of the loaded file. Please open an issue on GitHub for any issues related to this experimental feature.
  self.load_state_dict(torch.load(model_path, map_location='cpu'), strict=False)
Loading model from: /fs/nexus-scratch/sjxu/miniconda3/envs/svd_control/lib/python3.9/site-packages/lpips/weights/v0.1/alex.pth
/fs/nexus-scratch/sjxu/miniconda3/envs/svd_control/lib/python3.9/site-packages/lpips/lpips.py:107: FutureWarning: You are using `torch.load` with `weights_only=False` (the current default value), which uses the default pickle module implicitly. It is possible to construct malicious pickle data which will execute arbitrary code during unpickling (See https://github.com/pytorch/pytorch/blob/main/SECURITY.md#untrusted-models for more details). In a future release, the default value for `weights_only` will be flipped to `True`. This limits the functions that could be executed during unpickling. Arbitrary objects will no longer be allowed to be loaded via this mode unless they are explicitly allowlisted by the user via `torch.serialization.add_safe_globals`. We recommend you start setting `weights_only=True` for any use case where you don't have full control of the loaded file. Please open an issue on GitHub for any issues related to this experimental feature.
  self.load_state_dict(torch.load(model_path, map_location='cpu'), strict=False)
11/24/2024 12:10:14 - INFO - __main__ - Loading existing controlnet weights
layers per block is 2
layers per block is 2
layers per block is 2
layers per block is 2
data scale: 19700
length 19700
sample size (512, 512)
/fs/nexus-scratch/sjxu/miniconda3/envs/svd_control/lib/python3.9/site-packages/torch/utils/data/dataloader.py:557: UserWarning: This DataLoader will create 8 worker processes in total. Our suggested max number of worker in current system is 4, which is smaller than what this DataLoader is going to create. Please be aware that excessive worker creation might get DataLoader running slow or even freeze, lower the worker number to avoid potential slowness/freeze if necessary.
  warnings.warn(_create_warning_msg(
data scale: 19700
length 19700
sample size (512, 512)
/fs/nexus-scratch/sjxu/miniconda3/envs/svd_control/lib/python3.9/site-packages/torch/utils/data/dataloader.py:557: UserWarning: This DataLoader will create 8 worker processes in total. Our suggested max number of worker in current system is 4, which is smaller than what this DataLoader is going to create. Please be aware that excessive worker creation might get DataLoader running slow or even freeze, lower the worker number to avoid potential slowness/freeze if necessary.
  warnings.warn(_create_warning_msg(
data scale: 19700
length 19700
sample size (512, 512)
data scale: 19700
/fs/nexus-scratch/sjxu/miniconda3/envs/svd_control/lib/python3.9/site-packages/torch/utils/data/dataloader.py:557: UserWarning: This DataLoader will create 8 worker processes in total. Our suggested max number of worker in current system is 4, which is smaller than what this DataLoader is going to create. Please be aware that excessive worker creation might get DataLoader running slow or even freeze, lower the worker number to avoid potential slowness/freeze if necessary.
  warnings.warn(_create_warning_msg(
length 19700
sample size (512, 512)
/fs/nexus-scratch/sjxu/miniconda3/envs/svd_control/lib/python3.9/site-packages/torch/utils/data/dataloader.py:557: UserWarning: This DataLoader will create 8 worker processes in total. Our suggested max number of worker in current system is 4, which is smaller than what this DataLoader is going to create. Please be aware that excessive worker creation might get DataLoader running slow or even freeze, lower the worker number to avoid potential slowness/freeze if necessary.
  warnings.warn(_create_warning_msg(
gammagpu11:408781:408781 [0] NCCL INFO Bootstrap : Using bond0:192.168.44.22<0>
gammagpu11:408781:408781 [0] NCCL INFO NET/Plugin : dlerror=libnccl-net.so: cannot open shared object file: No such file or directory No plugin found (libnccl-net.so), using internal implementation
gammagpu11:408781:408781 [0] NCCL INFO cudaDriverVersion 12040
NCCL version 2.20.5+cuda12.4
gammagpu11:408782:408782 [1] NCCL INFO cudaDriverVersion 12040
gammagpu11:408782:408782 [1] NCCL INFO Bootstrap : Using bond0:192.168.44.22<0>
gammagpu11:408782:408782 [1] NCCL INFO NET/Plugin : dlerror=libnccl-net.so: cannot open shared object file: No such file or directory No plugin found (libnccl-net.so), using internal implementation
gammagpu11:408784:408784 [3] NCCL INFO cudaDriverVersion 12040
gammagpu11:408783:408783 [2] NCCL INFO cudaDriverVersion 12040
gammagpu11:408784:408784 [3] NCCL INFO Bootstrap : Using bond0:192.168.44.22<0>
gammagpu11:408783:408783 [2] NCCL INFO Bootstrap : Using bond0:192.168.44.22<0>
gammagpu11:408784:408784 [3] NCCL INFO NET/Plugin : dlerror=libnccl-net.so: cannot open shared object file: No such file or directory No plugin found (libnccl-net.so), using internal implementation
gammagpu11:408783:408783 [2] NCCL INFO NET/Plugin : dlerror=libnccl-net.so: cannot open shared object file: No such file or directory No plugin found (libnccl-net.so), using internal implementation
gammagpu11:408783:408912 [2] NCCL INFO NCCL_IB_DISABLE set by environment to 1.
gammagpu11:408784:408911 [3] NCCL INFO NCCL_IB_DISABLE set by environment to 1.
gammagpu11:408784:408911 [3] NCCL INFO NET/Socket : Using [0]bond0:192.168.44.22<0> [1]virbr0:192.168.122.1<0>
gammagpu11:408783:408912 [2] NCCL INFO NET/Socket : Using [0]bond0:192.168.44.22<0> [1]virbr0:192.168.122.1<0>
gammagpu11:408784:408911 [3] NCCL INFO Using non-device net plugin version 0
gammagpu11:408783:408912 [2] NCCL INFO Using non-device net plugin version 0
gammagpu11:408784:408911 [3] NCCL INFO Using network Socket
gammagpu11:408783:408912 [2] NCCL INFO Using network Socket
gammagpu11:408781:408909 [0] NCCL INFO NCCL_IB_DISABLE set by environment to 1.
gammagpu11:408781:408909 [0] NCCL INFO NET/Socket : Using [0]bond0:192.168.44.22<0> [1]virbr0:192.168.122.1<0>
gammagpu11:408781:408909 [0] NCCL INFO Using non-device net plugin version 0
gammagpu11:408781:408909 [0] NCCL INFO Using network Socket
gammagpu11:408782:408910 [1] NCCL INFO NCCL_IB_DISABLE set by environment to 1.
gammagpu11:408782:408910 [1] NCCL INFO NET/Socket : Using [0]bond0:192.168.44.22<0> [1]virbr0:192.168.122.1<0>
gammagpu11:408782:408910 [1] NCCL INFO Using non-device net plugin version 0
gammagpu11:408782:408910 [1] NCCL INFO Using network Socket
gammagpu11:408783:408912 [2] NCCL INFO comm 0x562b2a4b5240 rank 2 nranks 4 cudaDev 2 nvmlDev 2 busId 81000 commId 0xc1ffcbe677693912 - Init START
gammagpu11:408782:408910 [1] NCCL INFO comm 0x555c7a55d100 rank 1 nranks 4 cudaDev 1 nvmlDev 1 busId 41000 commId 0xc1ffcbe677693912 - Init START
gammagpu11:408784:408911 [3] NCCL INFO comm 0x558b2891bcc0 rank 3 nranks 4 cudaDev 3 nvmlDev 3 busId c1000 commId 0xc1ffcbe677693912 - Init START
gammagpu11:408781:408909 [0] NCCL INFO comm 0x561c07c14780 rank 0 nranks 4 cudaDev 0 nvmlDev 0 busId 1000 commId 0xc1ffcbe677693912 - Init START
gammagpu11:408781:408909 [0] NCCL INFO NVLS multicast support is not available on dev 0
gammagpu11:408783:408912 [2] NCCL INFO NVLS multicast support is not available on dev 2
gammagpu11:408782:408910 [1] NCCL INFO NVLS multicast support is not available on dev 1
gammagpu11:408784:408911 [3] NCCL INFO NVLS multicast support is not available on dev 3
gammagpu11:408783:408912 [2] NCCL INFO comm 0x562b2a4b5240 rank 2 nRanks 4 nNodes 1 localRanks 4 localRank 2 MNNVL 0
gammagpu11:408782:408910 [1] NCCL INFO comm 0x555c7a55d100 rank 1 nRanks 4 nNodes 1 localRanks 4 localRank 1 MNNVL 0
gammagpu11:408781:408909 [0] NCCL INFO comm 0x561c07c14780 rank 0 nRanks 4 nNodes 1 localRanks 4 localRank 0 MNNVL 0
gammagpu11:408783:408912 [2] NCCL INFO Trees [0] 3/-1/-1->2->1 [1] 3/-1/-1->2->1 [2] 3/-1/-1->2->1 [3] 3/-1/-1->2->1
gammagpu11:408784:408911 [3] NCCL INFO comm 0x558b2891bcc0 rank 3 nRanks 4 nNodes 1 localRanks 4 localRank 3 MNNVL 0
gammagpu11:408783:408912 [2] NCCL INFO P2P Chunksize set to 131072
gammagpu11:408782:408910 [1] NCCL INFO Trees [0] 2/-1/-1->1->0 [1] 2/-1/-1->1->0 [2] 2/-1/-1->1->0 [3] 2/-1/-1->1->0
gammagpu11:408781:408909 [0] NCCL INFO Channel 00/04 :    0   1   2   3
gammagpu11:408782:408910 [1] NCCL INFO P2P Chunksize set to 131072
gammagpu11:408781:408909 [0] NCCL INFO Channel 01/04 :    0   1   2   3
gammagpu11:408781:408909 [0] NCCL INFO Channel 02/04 :    0   1   2   3
gammagpu11:408784:408911 [3] NCCL INFO Trees [0] -1/-1/-1->3->2 [1] -1/-1/-1->3->2 [2] -1/-1/-1->3->2 [3] -1/-1/-1->3->2
gammagpu11:408781:408909 [0] NCCL INFO Channel 03/04 :    0   1   2   3
gammagpu11:408784:408911 [3] NCCL INFO P2P Chunksize set to 131072
gammagpu11:408781:408909 [0] NCCL INFO Trees [0] 1/-1/-1->0->-1 [1] 1/-1/-1->0->-1 [2] 1/-1/-1->0->-1 [3] 1/-1/-1->0->-1
gammagpu11:408781:408909 [0] NCCL INFO P2P Chunksize set to 131072
gammagpu11:408782:408910 [1] NCCL INFO Channel 00/0 : 1[1] -> 2[2] via P2P/CUMEM
gammagpu11:408783:408912 [2] NCCL INFO Channel 00/0 : 2[2] -> 3[3] via P2P/CUMEM
gammagpu11:408784:408911 [3] NCCL INFO Channel 00/0 : 3[3] -> 0[0] via P2P/CUMEM
gammagpu11:408782:408910 [1] NCCL INFO Channel 01/0 : 1[1] -> 2[2] via P2P/CUMEM
gammagpu11:408783:408912 [2] NCCL INFO Channel 01/0 : 2[2] -> 3[3] via P2P/CUMEM
gammagpu11:408781:408909 [0] NCCL INFO Channel 00/0 : 0[0] -> 1[1] via P2P/CUMEM
gammagpu11:408783:408912 [2] NCCL INFO Channel 02/0 : 2[2] -> 3[3] via P2P/CUMEM
gammagpu11:408784:408911 [3] NCCL INFO Channel 01/0 : 3[3] -> 0[0] via P2P/CUMEM
gammagpu11:408782:408910 [1] NCCL INFO Channel 02/0 : 1[1] -> 2[2] via P2P/CUMEM
gammagpu11:408781:408909 [0] NCCL INFO Channel 01/0 : 0[0] -> 1[1] via P2P/CUMEM
gammagpu11:408783:408912 [2] NCCL INFO Channel 03/0 : 2[2] -> 3[3] via P2P/CUMEM
gammagpu11:408784:408911 [3] NCCL INFO Channel 02/0 : 3[3] -> 0[0] via P2P/CUMEM
gammagpu11:408782:408910 [1] NCCL INFO Channel 03/0 : 1[1] -> 2[2] via P2P/CUMEM
gammagpu11:408781:408909 [0] NCCL INFO Channel 02/0 : 0[0] -> 1[1] via P2P/CUMEM
gammagpu11:408784:408911 [3] NCCL INFO Channel 03/0 : 3[3] -> 0[0] via P2P/CUMEM
gammagpu11:408781:408909 [0] NCCL INFO Channel 03/0 : 0[0] -> 1[1] via P2P/CUMEM
gammagpu11:408782:408910 [1] NCCL INFO Connected all rings
gammagpu11:408781:408909 [0] NCCL INFO Connected all rings
gammagpu11:408783:408912 [2] NCCL INFO Connected all rings
gammagpu11:408784:408911 [3] NCCL INFO Connected all rings
gammagpu11:408784:408911 [3] NCCL INFO Channel 00/0 : 3[3] -> 2[2] via P2P/CUMEM
gammagpu11:408784:408911 [3] NCCL INFO Channel 01/0 : 3[3] -> 2[2] via P2P/CUMEM
gammagpu11:408784:408911 [3] NCCL INFO Channel 02/0 : 3[3] -> 2[2] via P2P/CUMEM
gammagpu11:408783:408912 [2] NCCL INFO Channel 00/0 : 2[2] -> 1[1] via P2P/CUMEM
gammagpu11:408784:408911 [3] NCCL INFO Channel 03/0 : 3[3] -> 2[2] via P2P/CUMEM
gammagpu11:408782:408910 [1] NCCL INFO Channel 00/0 : 1[1] -> 0[0] via P2P/CUMEM
gammagpu11:408783:408912 [2] NCCL INFO Channel 01/0 : 2[2] -> 1[1] via P2P/CUMEM
gammagpu11:408782:408910 [1] NCCL INFO Channel 01/0 : 1[1] -> 0[0] via P2P/CUMEM
gammagpu11:408783:408912 [2] NCCL INFO Channel 02/0 : 2[2] -> 1[1] via P2P/CUMEM
gammagpu11:408782:408910 [1] NCCL INFO Channel 02/0 : 1[1] -> 0[0] via P2P/CUMEM
gammagpu11:408783:408912 [2] NCCL INFO Channel 03/0 : 2[2] -> 1[1] via P2P/CUMEM
gammagpu11:408782:408910 [1] NCCL INFO Channel 03/0 : 1[1] -> 0[0] via P2P/CUMEM
gammagpu11:408781:408909 [0] NCCL INFO Connected all trees
gammagpu11:408781:408909 [0] NCCL INFO threadThresholds 8/8/64 | 32/8/64 | 512 | 512
gammagpu11:408781:408909 [0] NCCL INFO 4 coll channels, 0 collnet channels, 0 nvls channels, 4 p2p channels, 2 p2p channels per peer
gammagpu11:408782:408910 [1] NCCL INFO Connected all trees
gammagpu11:408782:408910 [1] NCCL INFO threadThresholds 8/8/64 | 32/8/64 | 512 | 512
gammagpu11:408782:408910 [1] NCCL INFO 4 coll channels, 0 collnet channels, 0 nvls channels, 4 p2p channels, 2 p2p channels per peer
gammagpu11:408784:408911 [3] NCCL INFO Connected all trees
gammagpu11:408784:408911 [3] NCCL INFO threadThresholds 8/8/64 | 32/8/64 | 512 | 512
gammagpu11:408784:408911 [3] NCCL INFO 4 coll channels, 0 collnet channels, 0 nvls channels, 4 p2p channels, 2 p2p channels per peer
gammagpu11:408783:408912 [2] NCCL INFO Connected all trees
gammagpu11:408783:408912 [2] NCCL INFO threadThresholds 8/8/64 | 32/8/64 | 512 | 512
gammagpu11:408783:408912 [2] NCCL INFO 4 coll channels, 0 collnet channels, 0 nvls channels, 4 p2p channels, 2 p2p channels per peer
gammagpu11:408783:408912 [2] NCCL INFO comm 0x562b2a4b5240 rank 2 nranks 4 cudaDev 2 nvmlDev 2 busId 81000 commId 0xc1ffcbe677693912 - Init COMPLETE
gammagpu11:408781:408909 [0] NCCL INFO comm 0x561c07c14780 rank 0 nranks 4 cudaDev 0 nvmlDev 0 busId 1000 commId 0xc1ffcbe677693912 - Init COMPLETE
gammagpu11:408782:408910 [1] NCCL INFO comm 0x555c7a55d100 rank 1 nranks 4 cudaDev 1 nvmlDev 1 busId 41000 commId 0xc1ffcbe677693912 - Init COMPLETE
gammagpu11:408784:408911 [3] NCCL INFO comm 0x558b2891bcc0 rank 3 nranks 4 cudaDev 3 nvmlDev 3 busId c1000 commId 0xc1ffcbe677693912 - Init COMPLETE
wandb: Tracking run with wandb version 0.17.8
wandb: Run data is saved locally in /fs/nexus-scratch/sjxu/svd-temporal-controlnet/wandb/run-20241124_121042-zb8qakhi
wandb: Run `wandb offline` to turn off syncing.
wandb: Syncing run peachy-bird-58
wandb: ⭐️ View project at https://wandb.ai/sjxu_gamma/SVD_Con_Mul
wandb: 🚀 View run at https://wandb.ai/sjxu_gamma/SVD_Con_Mul/runs/zb8qakhi
11/24/2024 12:10:48 - INFO - __main__ - ***** Running training *****
11/24/2024 12:10:48 - INFO - __main__ -   Num examples = 15760
11/24/2024 12:10:48 - INFO - __main__ -   Num Epochs = 30
11/24/2024 12:10:48 - INFO - __main__ -   Instantaneous batch size per device = 2
11/24/2024 12:10:48 - INFO - __main__ -   Total train batch size (w. parallel, distributed & accumulation) = 64
11/24/2024 12:10:48 - INFO - __main__ -   Gradient Accumulation steps = 8
11/24/2024 12:10:48 - INFO - __main__ -   Total optimization steps = 7410
  0%|          | 0/7410 [00:00<?, ?it/s]Steps:   0%|          | 0/7410 [00:00<?, ?it/s]/fs/nexus-scratch/sjxu/miniconda3/envs/svd_control/lib/python3.9/site-packages/torch/utils/data/dataloader.py:557: UserWarning: This DataLoader will create 8 worker processes in total. Our suggested max number of worker in current system is 4, which is smaller than what this DataLoader is going to create. Please be aware that excessive worker creation might get DataLoader running slow or even freeze, lower the worker number to avoid potential slowness/freeze if necessary.
  warnings.warn(_create_warning_msg(
/fs/nexus-scratch/sjxu/miniconda3/envs/svd_control/lib/python3.9/site-packages/torch/utils/checkpoint.py:1399: FutureWarning: `torch.cpu.amp.autocast(args...)` is deprecated. Please use `torch.amp.autocast('cpu', args...)` instead.
  with device_autocast_ctx, torch.cpu.amp.autocast(**cpu_autocast_kwargs), recompute_context:  # type: ignore[attr-defined]
/fs/nexus-scratch/sjxu/miniconda3/envs/svd_control/lib/python3.9/site-packages/torch/utils/checkpoint.py:1399: FutureWarning: `torch.cpu.amp.autocast(args...)` is deprecated. Please use `torch.amp.autocast('cpu', args...)` instead.
  with device_autocast_ctx, torch.cpu.amp.autocast(**cpu_autocast_kwargs), recompute_context:  # type: ignore[attr-defined]
/fs/nexus-scratch/sjxu/miniconda3/envs/svd_control/lib/python3.9/site-packages/torch/utils/checkpoint.py:1399: FutureWarning: `torch.cpu.amp.autocast(args...)` is deprecated. Please use `torch.amp.autocast('cpu', args...)` instead.
  with device_autocast_ctx, torch.cpu.amp.autocast(**cpu_autocast_kwargs), recompute_context:  # type: ignore[attr-defined]
/fs/nexus-scratch/sjxu/miniconda3/envs/svd_control/lib/python3.9/site-packages/torch/utils/checkpoint.py:1399: FutureWarning: `torch.cpu.amp.autocast(args...)` is deprecated. Please use `torch.amp.autocast('cpu', args...)` instead.
  with device_autocast_ctx, torch.cpu.amp.autocast(**cpu_autocast_kwargs), recompute_context:  # type: ignore[attr-defined]
Steps:   0%|          | 0/7410 [00:25<?, ?it/s, lr=0.0001, step_loss=0.0679]Steps:   0%|          | 0/7410 [00:26<?, ?it/s, lr=0.0001, step_loss=0.122] Steps:   0%|          | 0/7410 [00:28<?, ?it/s, lr=0.0001, step_loss=0.136]Steps:   0%|          | 0/7410 [00:29<?, ?it/s, lr=0.0001, step_loss=0.298]Steps:   0%|          | 0/7410 [00:31<?, ?it/s, lr=0.0001, step_loss=0.0902]Steps:   0%|          | 0/7410 [00:33<?, ?it/s, lr=0.0001, step_loss=0.0935]Steps:   0%|          | 0/7410 [00:34<?, ?it/s, lr=0.0001, step_loss=0.246] Steps:   0%|          | 1/7410 [00:37<76:39:30, 37.25s/it, lr=0.0001, step_loss=0.246]11/24/2024 12:11:25 - INFO - __main__ - Running validation... 
 Generating 1 videos.
/fs/nexus-scratch/sjxu/miniconda3/envs/svd_control/lib/python3.9/site-packages/huggingface_hub/file_download.py:1150: FutureWarning: `resume_download` is deprecated and will be removed in version 1.0.0. Downloads always resume when possible. If you want to force a new download, use `force_download=True`.
  warnings.warn(
{'controlnet'} was not found in config. Values will be initialized to default values.

Loading pipeline components...:   0%|          | 0/5 [00:00<?, ?it/s][ALoaded feature_extractor as CLIPImageProcessor from `feature_extractor` subfolder of stabilityai/stable-video-diffusion-img2vid.
{'rescale_betas_zero_snr'} was not found in config. Values will be initialized to default values.
Loaded scheduler as EulerDiscreteScheduler from `scheduler` subfolder of stabilityai/stable-video-diffusion-img2vid.
Loading pipeline components...: 100%|██████████| 5/5 [00:00<00:00, 277.81it/s]
Steps:   0%|          | 1/7410 [00:55<76:39:30, 37.25s/it, lr=0.0001, step_loss=0.202]/fs/nexus-scratch/sjxu/miniconda3/envs/svd_control/lib/python3.9/site-packages/torch/utils/checkpoint.py:1399: FutureWarning: `torch.cpu.amp.autocast(args...)` is deprecated. Please use `torch.amp.autocast('cpu', args...)` instead.
  with device_autocast_ctx, torch.cpu.amp.autocast(**cpu_autocast_kwargs), recompute_context:  # type: ignore[attr-defined]
Steps:   0%|          | 1/7410 [00:57<76:39:30, 37.25s/it, lr=0.0001, step_loss=0.0804]Steps:   0%|          | 1/7410 [00:58<76:39:30, 37.25s/it, lr=0.0001, step_loss=0.203] Steps:   0%|          | 1/7410 [01:00<76:39:30, 37.25s/it, lr=0.0001, step_loss=0.231]Steps:   0%|          | 1/7410 [01:01<76:39:30, 37.25s/it, lr=0.0001, step_loss=0.225]Steps:   0%|          | 1/7410 [01:03<76:39:30, 37.25s/it, lr=0.0001, step_loss=0.136]Steps:   0%|          | 1/7410 [01:04<76:39:30, 37.25s/it, lr=0.0001, step_loss=0.0832]Steps:   0%|          | 1/7410 [01:06<76:39:30, 37.25s/it, lr=0.0001, step_loss=0.461] Steps:   0%|          | 2/7410 [01:08<69:30:53, 33.78s/it, lr=0.0001, step_loss=0.461]Steps:   0%|          | 2/7410 [01:08<69:30:53, 33.78s/it, lr=0.0001, step_loss=0.101]Steps:   0%|          | 2/7410 [01:10<69:30:53, 33.78s/it, lr=0.0001, step_loss=0.0978]Steps:   0%|          | 2/7410 [01:12<69:30:53, 33.78s/it, lr=0.0001, step_loss=0.311] Steps:   0%|          | 2/7410 [01:13<69:30:53, 33.78s/it, lr=0.0001, step_loss=0.212]Steps:   0%|          | 2/7410 [01:15<69:30:53, 33.78s/it, lr=0.0001, step_loss=0.156]Steps:   0%|          | 2/7410 [01:17<69:30:53, 33.78s/it, lr=0.0001, step_loss=0.285]Steps:   0%|          | 2/7410 [01:18<69:30:53, 33.78s/it, lr=0.0001, step_loss=0.0786]Steps:   0%|          | 2/7410 [01:20<69:30:53, 33.78s/it, lr=0.0001, step_loss=0.114] Steps:   0%|          | 3/7410 [01:22<50:38:31, 24.61s/it, lr=0.0001, step_loss=0.114]Steps:   0%|          | 3/7410 [01:22<50:38:31, 24.61s/it, lr=0.0001, step_loss=0.472]Steps:   0%|          | 3/7410 [01:23<50:38:31, 24.61s/it, lr=0.0001, step_loss=0.114]Steps:   0%|          | 3/7410 [01:25<50:38:31, 24.61s/it, lr=0.0001, step_loss=0.0966]Steps:   0%|          | 3/7410 [01:27<50:38:31, 24.61s/it, lr=0.0001, step_loss=0.156] Steps:   0%|          | 3/7410 [01:29<50:38:31, 24.61s/it, lr=0.0001, step_loss=0.126]Steps:   0%|          | 3/7410 [01:30<50:38:31, 24.61s/it, lr=0.0001, step_loss=0.31] Steps:   0%|          | 3/7410 [01:32<50:38:31, 24.61s/it, lr=0.0001, step_loss=0.232]Steps:   0%|          | 3/7410 [01:34<50:38:31, 24.61s/it, lr=0.0001, step_loss=0.136]Steps:   0%|          | 4/7410 [01:35<41:43:10, 20.28s/it, lr=0.0001, step_loss=0.136]Steps:   0%|          | 4/7410 [01:36<41:43:10, 20.28s/it, lr=0.0001, step_loss=0.262]Steps:   0%|          | 4/7410 [01:37<41:43:10, 20.28s/it, lr=0.0001, step_loss=0.149]Steps:   0%|          | 4/7410 [01:39<41:43:10, 20.28s/it, lr=0.0001, step_loss=0.114]Steps:   0%|          | 4/7410 [01:40<41:43:10, 20.28s/it, lr=0.0001, step_loss=0.163]Steps:   0%|          | 4/7410 [01:42<41:43:10, 20.28s/it, lr=0.0001, step_loss=0.119]Steps:   0%|          | 4/7410 [01:44<41:43:10, 20.28s/it, lr=0.0001, step_loss=0.137]Steps:   0%|          | 4/7410 [01:45<41:43:10, 20.28s/it, lr=0.0001, step_loss=0.076]Steps:   0%|          | 4/7410 [01:47<41:43:10, 20.28s/it, lr=0.0001, step_loss=0.142]Steps:   0%|          | 5/7410 [01:49<36:41:26, 17.84s/it, lr=0.0001, step_loss=0.142]Steps:   0%|          | 5/7410 [01:49<36:41:26, 17.84s/it, lr=0.0001, step_loss=0.0476]Steps:   0%|          | 5/7410 [01:51<36:41:26, 17.84s/it, lr=0.0001, step_loss=0.146] Steps:   0%|          | 5/7410 [01:53<36:41:26, 17.84s/it, lr=0.0001, step_loss=0.123]Steps:   0%|          | 5/7410 [01:54<36:41:26, 17.84s/it, lr=0.0001, step_loss=0.257]Steps:   0%|          | 5/7410 [01:56<36:41:26, 17.84s/it, lr=0.0001, step_loss=0.0568]Steps:   0%|          | 5/7410 [01:58<36:41:26, 17.84s/it, lr=0.0001, step_loss=0.349] Steps:   0%|          | 5/7410 [01:59<36:41:26, 17.84s/it, lr=0.0001, step_loss=0.187]Steps:   0%|          | 5/7410 [02:01<36:41:26, 17.84s/it, lr=0.0001, step_loss=0.227]Steps:   0%|          | 6/7410 [02:03<33:56:41, 16.50s/it, lr=0.0001, step_loss=0.227]Steps:   0%|          | 6/7410 [02:03<33:56:41, 16.50s/it, lr=0.0001, step_loss=0.216]Steps:   0%|          | 6/7410 [02:05<33:56:41, 16.50s/it, lr=0.0001, step_loss=0.0745]Steps:   0%|          | 6/7410 [02:06<33:56:41, 16.50s/it, lr=0.0001, step_lossrun: Job step aborted: Waiting up to 302 seconds for job step to finish.
slurmstepd: error: *** JOB 3356691 ON gammagpu11 CANCELLED AT 2024-11-24T12:12:56 ***
slurmstepd: error: *** STEP 3356691.0 ON gammagpu11 CANCELLED AT 2024-11-24T12:12:56 ***
s=0.128] W1124 12:12:56.019545 140126849962752 torch/distributed/elastic/agent/server/api.py:688] Received Signals.SIGTERM death signal, shutting down workers
W1124 12:12:56.020082 140126849962752 torch/distributed/elastic/multiprocessing/api.py:858] Sending process 408781 closing signal SIGTERM
W1124 12:12:56.020203 140126849962752 torch/distributed/elastic/multiprocessing/api.py:858] Sending process 408782 closing signal SIGTERM
W1124 12:12:56.020302 140126849962752 torch/distributed/elastic/multiprocessing/api.py:858] Sending process 408783 closing signal SIGTERM
W1124 12:12:56.020386 140126849962752 torch/distributed/elastic/multiprocessing/api.py:858] Sending process 408784 closing signal SIGTERM
