NODELIST=gammagpu11
MASTER_ADDR=gammagpu11
Traceback (most recent call last):
  File "/fs/nexus-scratch/sjxu/miniconda3/envs/svd_control/bin/accelerate", line 8, in <module>
    sys.exit(main())
  File "/fs/nexus-scratch/sjxu/miniconda3/envs/svd_control/lib/python3.9/site-packages/accelerate/commands/accelerate_cli.py", line 48, in main
    args.func(args)
  File "/fs/nexus-scratch/sjxu/miniconda3/envs/svd_control/lib/python3.9/site-packages/accelerate/commands/launch.py", line 1097, in launch_command
    multi_gpu_launcher(args)
  File "/fs/nexus-scratch/sjxu/miniconda3/envs/svd_control/lib/python3.9/site-packages/accelerate/commands/launch.py", line 734, in multi_gpu_launcher
    distrib_run.run(args)
  File "/fs/nexus-scratch/sjxu/miniconda3/envs/svd_control/lib/python3.9/site-packages/torch/distributed/run.py", line 892, in run
Traceback (most recent call last):
  File "/fs/nexus-scratch/sjxu/miniconda3/envs/svd_control/bin/accelerate", line 8, in <module>
    sys.exit(main())
  File "/fs/nexus-scratch/sjxu/miniconda3/envs/svd_control/lib/python3.9/site-packages/accelerate/commands/accelerate_cli.py", line 48, in main
    args.func(args)
  File "/fs/nexus-scratch/sjxu/miniconda3/envs/svd_control/lib/python3.9/site-packages/accelerate/commands/launch.py", line 1097, in launch_command
    multi_gpu_launcher(args)
  File "/fs/nexus-scratch/sjxu/miniconda3/envs/svd_control/lib/python3.9/site-packages/accelerate/commands/launch.py", line 734, in multi_gpu_launcher
    distrib_run.run(args)
  File "/fs/nexus-scratch/sjxu/miniconda3/envs/svd_control/lib/python3.9/site-packages/torch/distributed/run.py", line 892, in run
Traceback (most recent call last):
  File "/fs/nexus-scratch/sjxu/miniconda3/envs/svd_control/bin/accelerate", line 8, in <module>
    sys.exit(main())
  File "/fs/nexus-scratch/sjxu/miniconda3/envs/svd_control/lib/python3.9/site-packages/accelerate/commands/accelerate_cli.py", line 48, in main
    args.func(args)
  File "/fs/nexus-scratch/sjxu/miniconda3/envs/svd_control/lib/python3.9/site-packages/accelerate/commands/launch.py", line 1097, in launch_command
    multi_gpu_launcher(args)
  File "/fs/nexus-scratch/sjxu/miniconda3/envs/svd_control/lib/python3.9/site-packages/accelerate/commands/launch.py", line 734, in multi_gpu_launcher
    distrib_run.run(args)
  File "/fs/nexus-scratch/sjxu/miniconda3/envs/svd_control/lib/python3.9/site-packages/torch/distributed/run.py", line 892, in run
    elastic_launch(
  File "/fs/nexus-scratch/sjxu/miniconda3/envs/svd_control/lib/python3.9/site-packages/torch/distributed/launcher/api.py", line 133, in __call__
    elastic_launch(
  File "/fs/nexus-scratch/sjxu/miniconda3/envs/svd_control/lib/python3.9/site-packages/torch/distributed/launcher/api.py", line 133, in __call__
    return launch_agent(self._config, self._entrypoint, list(args))
  File "/fs/nexus-scratch/sjxu/miniconda3/envs/svd_control/lib/python3.9/site-packages/torch/distributed/launcher/api.py", line 255, in launch_agent
    return launch_agent(self._config, self._entrypoint, list(args))
  File "/fs/nexus-scratch/sjxu/miniconda3/envs/svd_control/lib/python3.9/site-packages/torch/distributed/launcher/api.py", line 255, in launch_agent
    elastic_launch(
  File "/fs/nexus-scratch/sjxu/miniconda3/envs/svd_control/lib/python3.9/site-packages/torch/distributed/launcher/api.py", line 133, in __call__
    result = agent.run()
  File "/fs/nexus-scratch/sjxu/miniconda3/envs/svd_control/lib/python3.9/site-packages/torch/distributed/elastic/metrics/api.py", line 124, in wrapper
    result = agent.run()
  File "/fs/nexus-scratch/sjxu/miniconda3/envs/svd_control/lib/python3.9/site-packages/torch/distributed/elastic/metrics/api.py", line 124, in wrapper
    return launch_agent(self._config, self._entrypoint, list(args))
  File "/fs/nexus-scratch/sjxu/miniconda3/envs/svd_control/lib/python3.9/site-packages/torch/distributed/launcher/api.py", line 255, in launch_agent
    result = f(*args, **kwargs)
  File "/fs/nexus-scratch/sjxu/miniconda3/envs/svd_control/lib/python3.9/site-packages/torch/distributed/elastic/agent/server/api.py", line 680, in run
    result = f(*args, **kwargs)
  File "/fs/nexus-scratch/sjxu/miniconda3/envs/svd_control/lib/python3.9/site-packages/torch/distributed/elastic/agent/server/api.py", line 680, in run
    result = agent.run()
  File "/fs/nexus-scratch/sjxu/miniconda3/envs/svd_control/lib/python3.9/site-packages/torch/distributed/elastic/metrics/api.py", line 124, in wrapper
    result = self._invoke_run(role)
  File "/fs/nexus-scratch/sjxu/miniconda3/envs/svd_control/lib/python3.9/site-packages/torch/distributed/elastic/agent/server/api.py", line 829, in _invoke_run
    result = self._invoke_run(role)
  File "/fs/nexus-scratch/sjxu/miniconda3/envs/svd_control/lib/python3.9/site-packages/torch/distributed/elastic/agent/server/api.py", line 829, in _invoke_run
    result = f(*args, **kwargs)
  File "/fs/nexus-scratch/sjxu/miniconda3/envs/svd_control/lib/python3.9/site-packages/torch/distributed/elastic/agent/server/api.py", line 680, in run
    self._initialize_workers(self._worker_group)
  File "/fs/nexus-scratch/sjxu/miniconda3/envs/svd_control/lib/python3.9/site-packages/torch/distributed/elastic/metrics/api.py", line 124, in wrapper
    self._initialize_workers(self._worker_group)
  File "/fs/nexus-scratch/sjxu/miniconda3/envs/svd_control/lib/python3.9/site-packages/torch/distributed/elastic/metrics/api.py", line 124, in wrapper
    result = f(*args, **kwargs)
  File "/fs/nexus-scratch/sjxu/miniconda3/envs/svd_control/lib/python3.9/site-packages/torch/distributed/elastic/agent/server/api.py", line 652, in _initialize_workers
    result = f(*args, **kwargs)
  File "/fs/nexus-scratch/sjxu/miniconda3/envs/svd_control/lib/python3.9/site-packages/torch/distributed/elastic/agent/server/api.py", line 652, in _initialize_workers
    self._rendezvous(worker_group)
  File "/fs/nexus-scratch/sjxu/miniconda3/envs/svd_control/lib/python3.9/site-packages/torch/distributed/elastic/metrics/api.py", line 124, in wrapper
    result = self._invoke_run(role)
  File "/fs/nexus-scratch/sjxu/miniconda3/envs/svd_control/lib/python3.9/site-packages/torch/distributed/elastic/agent/server/api.py", line 829, in _invoke_run
    self._rendezvous(worker_group)
  File "/fs/nexus-scratch/sjxu/miniconda3/envs/svd_control/lib/python3.9/site-packages/torch/distributed/elastic/metrics/api.py", line 124, in wrapper
    self._initialize_workers(self._worker_group)
  File "/fs/nexus-scratch/sjxu/miniconda3/envs/svd_control/lib/python3.9/site-packages/torch/distributed/elastic/metrics/api.py", line 124, in wrapper
    result = f(*args, **kwargs)
  File "/fs/nexus-scratch/sjxu/miniconda3/envs/svd_control/lib/python3.9/site-packages/torch/distributed/elastic/agent/server/api.py", line 489, in _rendezvous
    result = f(*args, **kwargs)
  File "/fs/nexus-scratch/sjxu/miniconda3/envs/svd_control/lib/python3.9/site-packages/torch/distributed/elastic/agent/server/api.py", line 489, in _rendezvous
    result = f(*args, **kwargs)
  File "/fs/nexus-scratch/sjxu/miniconda3/envs/svd_control/lib/python3.9/site-packages/torch/distributed/elastic/agent/server/api.py", line 652, in _initialize_workers
    rdzv_info = spec.rdzv_handler.next_rendezvous()
  File "/fs/nexus-scratch/sjxu/miniconda3/envs/svd_control/lib/python3.9/site-packages/torch/distributed/elastic/rendezvous/static_tcp_rendezvous.py", line 66, in next_rendezvous
    rdzv_info = spec.rdzv_handler.next_rendezvous()
  File "/fs/nexus-scratch/sjxu/miniconda3/envs/svd_control/lib/python3.9/site-packages/torch/distributed/elastic/rendezvous/static_tcp_rendezvous.py", line 66, in next_rendezvous
    self._rendezvous(worker_group)
  File "/fs/nexus-scratch/sjxu/miniconda3/envs/svd_control/lib/python3.9/site-packages/torch/distributed/elastic/metrics/api.py", line 124, in wrapper
    self._store = TCPStore(  # type: ignore[call-arg]
RuntimeError: The server socket has failed to listen on any local network address. useIpv6: 0, code: -98, name: EADDRINUSE, message: address already in use
    result = f(*args, **kwargs)
  File "/fs/nexus-scratch/sjxu/miniconda3/envs/svd_control/lib/python3.9/site-packages/torch/distributed/elastic/agent/server/api.py", line 489, in _rendezvous
    self._store = TCPStore(  # type: ignore[call-arg]
RuntimeError: The server socket has failed to listen on any local network address. useIpv6: 0, code: -98, name: EADDRINUSE, message: address already in use
    rdzv_info = spec.rdzv_handler.next_rendezvous()
  File "/fs/nexus-scratch/sjxu/miniconda3/envs/svd_control/lib/python3.9/site-packages/torch/distributed/elastic/rendezvous/static_tcp_rendezvous.py", line 66, in next_rendezvous
    self._store = TCPStore(  # type: ignore[call-arg]
RuntimeError: The server socket has failed to listen on any local network address. useIpv6: 0, code: -98, name: EADDRINUSE, message: address already in use
srun: error: gammagpu11: tasks 0-1,3: Exited with exit code 1
WARNING:accelerate.utils.other:Detected kernel version 4.18.0, which is below the recommended minimum of 5.5.0; this can cause the process to hang. It is recommended to upgrade the kernel to the minimum version or higher.
wandb: Currently logged in as: sjxu (sjxu_gamma). Use `wandb login --relogin` to force relogin
wandb: Currently logged in as: sjxu (sjxu_gamma). Use `wandb login --relogin` to force relogin
wandb: Currently logged in as: sjxu (sjxu_gamma). Use `wandb login --relogin` to force relogin
wandb: Appending key for api.wandb.ai to your netrc file: /fs/nexus-scratch/sjxu/.netrc
wandb: Appending key for api.wandb.ai to your netrc file: /fs/nexus-scratch/sjxu/.netrc
wandb: Appending key for api.wandb.ai to your netrc file: /fs/nexus-scratch/sjxu/.netrc
wandb: Currently logged in as: sjxu (sjxu_gamma). Use `wandb login --relogin` to force relogin
wandb: Appending key for api.wandb.ai to your netrc file: /fs/nexus-scratch/sjxu/.netrc
INFO:__main__:Distributed environment: MULTI_GPU  Backend: nccl
Num processes: 4
Process index: 0
Local process index: 0
Device: cuda:0

Mixed precision type: fp16

INFO:__main__:Distributed environment: MULTI_GPU  Backend: nccl
Num processes: 4
Process index: 1
Local process index: 1
Device: cuda:1

Mixed precision type: fp16

INFO:__main__:Distributed environment: MULTI_GPU  Backend: nccl
Num processes: 4
Process index: 2
Local process index: 2
Device: cuda:2

Mixed precision type: fp16

INFO:__main__:Distributed environment: MULTI_GPU  Backend: nccl
Num processes: 4
Process index: 3
Local process index: 3
Device: cuda:3

Mixed precision type: fp16

{'final_sigmas_type', 'rescale_betas_zero_snr'} was not found in config. Values will be initialized to default values.
prediction_type: v_prediction
prediction_type: v_prediction
prediction_type: v_prediction
prediction_type: v_prediction
Setting up [LPIPS] perceptual loss: trunk [alex], v[0.1], spatial [off]
Setting up [LPIPS] perceptual loss: trunk [alex], v[0.1], spatial [off]
Setting up [LPIPS] perceptual loss: trunk [alex], v[0.1], spatial [off]
/fs/nexus-scratch/sjxu/miniconda3/envs/svd_control/lib/python3.9/site-packages/torchvision/models/_utils.py:208: UserWarning: The parameter 'pretrained' is deprecated since 0.13 and may be removed in the future, please use 'weights' instead.
  warnings.warn(
/fs/nexus-scratch/sjxu/miniconda3/envs/svd_control/lib/python3.9/site-packages/torchvision/models/_utils.py:223: UserWarning: Arguments other than a weight enum or `None` for 'weights' are deprecated since 0.13 and may be removed in the future. The current behavior is equivalent to passing `weights=AlexNet_Weights.IMAGENET1K_V1`. You can also use `weights=AlexNet_Weights.DEFAULT` to get the most up-to-date weights.
  warnings.warn(msg)
/fs/nexus-scratch/sjxu/miniconda3/envs/svd_control/lib/python3.9/site-packages/torchvision/models/_utils.py:208: UserWarning: The parameter 'pretrained' is deprecated since 0.13 and may be removed in the future, please use 'weights' instead.
  warnings.warn(
/fs/nexus-scratch/sjxu/miniconda3/envs/svd_control/lib/python3.9/site-packages/torchvision/models/_utils.py:223: UserWarning: Arguments other than a weight enum or `None` for 'weights' are deprecated since 0.13 and may be removed in the future. The current behavior is equivalent to passing `weights=AlexNet_Weights.IMAGENET1K_V1`. You can also use `weights=AlexNet_Weights.DEFAULT` to get the most up-to-date weights.
  warnings.warn(msg)
/fs/nexus-scratch/sjxu/miniconda3/envs/svd_control/lib/python3.9/site-packages/torchvision/models/_utils.py:208: UserWarning: The parameter 'pretrained' is deprecated since 0.13 and may be removed in the future, please use 'weights' instead.
  warnings.warn(
/fs/nexus-scratch/sjxu/miniconda3/envs/svd_control/lib/python3.9/site-packages/torchvision/models/_utils.py:223: UserWarning: Arguments other than a weight enum or `None` for 'weights' are deprecated since 0.13 and may be removed in the future. The current behavior is equivalent to passing `weights=AlexNet_Weights.IMAGENET1K_V1`. You can also use `weights=AlexNet_Weights.DEFAULT` to get the most up-to-date weights.
  warnings.warn(msg)
Setting up [LPIPS] perceptual loss: trunk [alex], v[0.1], spatial [off]
/fs/nexus-scratch/sjxu/miniconda3/envs/svd_control/lib/python3.9/site-packages/torchvision/models/_utils.py:208: UserWarning: The parameter 'pretrained' is deprecated since 0.13 and may be removed in the future, please use 'weights' instead.
  warnings.warn(
/fs/nexus-scratch/sjxu/miniconda3/envs/svd_control/lib/python3.9/site-packages/torchvision/models/_utils.py:223: UserWarning: Arguments other than a weight enum or `None` for 'weights' are deprecated since 0.13 and may be removed in the future. The current behavior is equivalent to passing `weights=AlexNet_Weights.IMAGENET1K_V1`. You can also use `weights=AlexNet_Weights.DEFAULT` to get the most up-to-date weights.
  warnings.warn(msg)
Loading model from: /fs/nexus-scratch/sjxu/miniconda3/envs/svd_control/lib/python3.9/site-packages/lpips/weights/v0.1/alex.pth
Loading model from: /fs/nexus-scratch/sjxu/miniconda3/envs/svd_control/lib/python3.9/site-packages/lpips/weights/v0.1/alex.pth
Loading model from: /fs/nexus-scratch/sjxu/miniconda3/envs/svd_control/lib/python3.9/site-packages/lpips/weights/v0.1/alex.pth
Loading model from: /fs/nexus-scratch/sjxu/miniconda3/envs/svd_control/lib/python3.9/site-packages/lpips/weights/v0.1/alex.pth
FrozenDict([('sample_size', 96), ('in_channels', 8), ('out_channels', 4), ('down_block_types', ['CrossAttnDownBlockSpatioTemporal', 'CrossAttnDownBlockSpatioTemporal', 'CrossAttnDownBlockSpatioTemporal', 'DownBlockSpatioTemporal']), ('up_block_types', ['UpBlockSpatioTemporal', 'CrossAttnUpBlockSpatioTemporal', 'CrossAttnUpBlockSpatioTemporal', 'CrossAttnUpBlockSpatioTemporal']), ('block_out_channels', [320, 640, 1280, 1280]), ('addition_time_embed_dim', 256), ('projection_class_embeddings_input_dim', 768), ('layers_per_block', 2), ('cross_attention_dim', 1024), ('transformer_layers_per_block', 1), ('num_attention_heads', [5, 10, 20, 20]), ('num_frames', 14), ('_class_name', 'UNetSpatioTemporalConditionControlNetModel'), ('_diffusers_version', '0.24.0.dev0'), ('_name_or_path', 'stabilityai/stable-video-diffusion-img2vid')])
FrozenDict([('sample_size', 96), ('in_channels', 8), ('out_channels', 4), ('down_block_types', ['CrossAttnDownBlockSpatioTemporal', 'CrossAttnDownBlockSpatioTemporal', 'CrossAttnDownBlockSpatioTemporal', 'DownBlockSpatioTemporal']), ('up_block_types', ['UpBlockSpatioTemporal', 'CrossAttnUpBlockSpatioTemporal', 'CrossAttnUpBlockSpatioTemporal', 'CrossAttnUpBlockSpatioTemporal']), ('block_out_channels', [320, 640, 1280, 1280]), ('addition_time_embed_dim', 256), ('projection_class_embeddings_input_dim', 768), ('layers_per_block', 2), ('cross_attention_dim', 1024), ('transformer_layers_per_block', 1), ('num_attention_heads', [5, 10, 20, 20]), ('num_frames', 14), ('_class_name', 'UNetSpatioTemporalConditionControlNetModel'), ('_diffusers_version', '0.24.0.dev0'), ('_name_or_path', 'stabilityai/stable-video-diffusion-img2vid')])
FrozenDict([('sample_size', 96), ('in_channels', 8), ('out_channels', 4), ('down_block_types', ['CrossAttnDownBlockSpatioTemporal', 'CrossAttnDownBlockSpatioTemporal', 'CrossAttnDownBlockSpatioTemporal', 'DownBlockSpatioTemporal']), ('up_block_types', ['UpBlockSpatioTemporal', 'CrossAttnUpBlockSpatioTemporal', 'CrossAttnUpBlockSpatioTemporal', 'CrossAttnUpBlockSpatioTemporal']), ('block_out_channels', [320, 640, 1280, 1280]), ('addition_time_embed_dim', 256), ('projection_class_embeddings_input_dim', 768), ('layers_per_block', 2), ('cross_attention_dim', 1024), ('transformer_layers_per_block', 1), ('num_attention_heads', [5, 10, 20, 20]), ('num_frames', 14), ('_class_name', 'UNetSpatioTemporalConditionControlNetModel'), ('_diffusers_version', '0.24.0.dev0'), ('_name_or_path', 'stabilityai/stable-video-diffusion-img2vid')])
layers per block is 2
layers per block is 2
layers per block is 2
INFO:__main__:Initializing controlnet weights from unet
FrozenDict([('sample_size', 96), ('in_channels', 8), ('out_channels', 4), ('down_block_types', ['CrossAttnDownBlockSpatioTemporal', 'CrossAttnDownBlockSpatioTemporal', 'CrossAttnDownBlockSpatioTemporal', 'DownBlockSpatioTemporal']), ('up_block_types', ['UpBlockSpatioTemporal', 'CrossAttnUpBlockSpatioTemporal', 'CrossAttnUpBlockSpatioTemporal', 'CrossAttnUpBlockSpatioTemporal']), ('block_out_channels', [320, 640, 1280, 1280]), ('addition_time_embed_dim', 256), ('projection_class_embeddings_input_dim', 768), ('layers_per_block', 2), ('cross_attention_dim', 1024), ('transformer_layers_per_block', 1), ('num_attention_heads', [5, 10, 20, 20]), ('num_frames', 14), ('_class_name', 'UNetSpatioTemporalConditionControlNetModel'), ('_diffusers_version', '0.24.0.dev0'), ('_name_or_path', 'stabilityai/stable-video-diffusion-img2vid')])
layers per block is 2
modify_layers in progress: torch.Size([6, 1, 16])
modify_layers in progress: 16 320
modify_layers in progress: torch.Size([6, 1, 16])
modify_layers in progress: 16 320
modify_layers in progress: torch.Size([6, 1, 16])
modify_layers in progress: 16 320
modify_layers in progress: torch.Size([6, 1, 16])
modify_layers in progress: 16 320
data scale: 5910
data scale: 5910
data scale: 5910
length 5910
sample size (512, 512)
length 5910
sample size (512, 512)
length 5910
sample size (512, 512)
data scale: 5910
length 5910
sample size (512, 512)
gammagpu11:1295078:1295078 [0] NCCL INFO Bootstrap : Using bond0:192.168.44.22<0>
gammagpu11:1295078:1295078 [0] NCCL INFO NET/Plugin : dlerror=libnccl-net.so: cannot open shared object file: No such file or directory No plugin found (libnccl-net.so), using internal implementation
gammagpu11:1295078:1295078 [0] NCCL INFO cudaDriverVersion 12040
NCCL version 2.20.5+cuda12.4
gammagpu11:1295080:1295080 [2] NCCL INFO cudaDriverVersion 12040
gammagpu11:1295080:1295080 [2] NCCL INFO Bootstrap : Using bond0:192.168.44.22<0>
gammagpu11:1295080:1295080 [2] NCCL INFO NET/Plugin : dlerror=libnccl-net.so: cannot open shared object file: No such file or directory No plugin found (libnccl-net.so), using internal implementation
gammagpu11:1295079:1295079 [1] NCCL INFO cudaDriverVersion 12040
gammagpu11:1295079:1295079 [1] NCCL INFO Bootstrap : Using bond0:192.168.44.22<0>
gammagpu11:1295079:1295079 [1] NCCL INFO NET/Plugin : dlerror=libnccl-net.so: cannot open shared object file: No such file or directory No plugin found (libnccl-net.so), using internal implementation
gammagpu11:1295081:1295081 [3] NCCL INFO cudaDriverVersion 12040
gammagpu11:1295081:1295081 [3] NCCL INFO Bootstrap : Using bond0:192.168.44.22<0>
gammagpu11:1295081:1295081 [3] NCCL INFO NET/Plugin : dlerror=libnccl-net.so: cannot open shared object file: No such file or directory No plugin found (libnccl-net.so), using internal implementation
gammagpu11:1295079:1295197 [1] NCCL INFO NCCL_IB_DISABLE set by environment to 1.
gammagpu11:1295080:1295196 [2] NCCL INFO NCCL_IB_DISABLE set by environment to 1.
gammagpu11:1295079:1295197 [1] NCCL INFO NET/Socket : Using [0]bond0:192.168.44.22<0> [1]virbr0:192.168.122.1<0>
gammagpu11:1295079:1295197 [1] NCCL INFO Using non-device net plugin version 0
gammagpu11:1295079:1295197 [1] NCCL INFO Using network Socket
gammagpu11:1295080:1295196 [2] NCCL INFO NET/Socket : Using [0]bond0:192.168.44.22<0> [1]virbr0:192.168.122.1<0>
gammagpu11:1295080:1295196 [2] NCCL INFO Using non-device net plugin version 0
gammagpu11:1295080:1295196 [2] NCCL INFO Using network Socket
gammagpu11:1295078:1295195 [0] NCCL INFO NCCL_IB_DISABLE set by environment to 1.
gammagpu11:1295078:1295195 [0] NCCL INFO NET/Socket : Using [0]bond0:192.168.44.22<0> [1]virbr0:192.168.122.1<0>
gammagpu11:1295078:1295195 [0] NCCL INFO Using non-device net plugin version 0
gammagpu11:1295078:1295195 [0] NCCL INFO Using network Socket
gammagpu11:1295081:1295198 [3] NCCL INFO NCCL_IB_DISABLE set by environment to 1.
gammagpu11:1295081:1295198 [3] NCCL INFO NET/Socket : Using [0]bond0:192.168.44.22<0> [1]virbr0:192.168.122.1<0>
gammagpu11:1295081:1295198 [3] NCCL INFO Using non-device net plugin version 0
gammagpu11:1295081:1295198 [3] NCCL INFO Using network Socket
gammagpu11:1295078:1295195 [0] NCCL INFO comm 0x56224fb5af80 rank 0 nranks 4 cudaDev 0 nvmlDev 0 busId 1000 commId 0x93b503c7840faff5 - Init START
gammagpu11:1295081:1295198 [3] NCCL INFO comm 0x564d9df61100 rank 3 nranks 4 cudaDev 3 nvmlDev 3 busId c1000 commId 0x93b503c7840faff5 - Init START
gammagpu11:1295079:1295197 [1] NCCL INFO comm 0x561dd4ca8f10 rank 1 nranks 4 cudaDev 1 nvmlDev 1 busId 41000 commId 0x93b503c7840faff5 - Init START
gammagpu11:1295080:1295196 [2] NCCL INFO comm 0x55ec43eb9680 rank 2 nranks 4 cudaDev 2 nvmlDev 2 busId 81000 commId 0x93b503c7840faff5 - Init START
gammagpu11:1295079:1295197 [1] NCCL INFO NVLS multicast support is not available on dev 1
gammagpu11:1295080:1295196 [2] NCCL INFO NVLS multicast support is not available on dev 2
gammagpu11:1295078:1295195 [0] NCCL INFO NVLS multicast support is not available on dev 0
gammagpu11:1295081:1295198 [3] NCCL INFO NVLS multicast support is not available on dev 3
gammagpu11:1295079:1295197 [1] NCCL INFO comm 0x561dd4ca8f10 rank 1 nRanks 4 nNodes 1 localRanks 4 localRank 1 MNNVL 0
gammagpu11:1295078:1295195 [0] NCCL INFO comm 0x56224fb5af80 rank 0 nRanks 4 nNodes 1 localRanks 4 localRank 0 MNNVL 0
gammagpu11:1295079:1295197 [1] NCCL INFO Trees [0] 2/-1/-1->1->0 [1] 2/-1/-1->1->0 [2] 2/-1/-1->1->0 [3] 2/-1/-1->1->0
gammagpu11:1295078:1295195 [0] NCCL INFO Channel 00/04 :    0   1   2   3
gammagpu11:1295078:1295195 [0] NCCL INFO Channel 01/04 :    0   1   2   3
gammagpu11:1295079:1295197 [1] NCCL INFO P2P Chunksize set to 131072
gammagpu11:1295078:1295195 [0] NCCL INFO Channel 02/04 :    0   1   2   3
gammagpu11:1295078:1295195 [0] NCCL INFO Channel 03/04 :    0   1   2   3
gammagpu11:1295078:1295195 [0] NCCL INFO Trees [0] 1/-1/-1->0->-1 [1] 1/-1/-1->0->-1 [2] 1/-1/-1->0->-1 [3] 1/-1/-1->0->-1
gammagpu11:1295078:1295195 [0] NCCL INFO P2P Chunksize set to 131072
gammagpu11:1295078:1295195 [0] NCCL INFO Channel 00/0 : 0[0] -> 1[1] via P2P/CUMEM
gammagpu11:1295078:1295195 [0] NCCL INFO Channel 01/0 : 0[0] -> 1[1] via P2P/CUMEM
gammagpu11:1295078:1295195 [0] NCCL INFO Channel 02/0 : 0[0] -> 1[1] via P2P/CUMEM
gammagpu11:1295078:1295195 [0] NCCL INFO Channel 03/0 : 0[0] -> 1[1] via P2P/CUMEM
gammagpu11:1295080:1295196 [2] NCCL INFO comm 0x55ec43eb9680 rank 2 nRanks 4 nNodes 1 localRanks 4 localRank 2 MNNVL 0
gammagpu11:1295081:1295198 [3] NCCL INFO comm 0x564d9df61100 rank 3 nRanks 4 nNodes 1 localRanks 4 localRank 3 MNNVL 0
gammagpu11:1295080:1295196 [2] NCCL INFO Trees [0] 3/-1/-1->2->1 [1] 3/-1/-1->2->1 [2] 3/-1/-1->2->1 [3] 3/-1/-1->2->1
gammagpu11:1295081:1295198 [3] NCCL INFO Trees [0] -1/-1/-1->3->2 [1] -1/-1/-1->3->2 [2] -1/-1/-1->3->2 [3] -1/-1/-1->3->2
gammagpu11:1295080:1295196 [2] NCCL INFO P2P Chunksize set to 131072
gammagpu11:1295081:1295198 [3] NCCL INFO P2P Chunksize set to 131072
gammagpu11:1295079:1295197 [1] NCCL INFO Channel 00/0 : 1[1] -> 2[2] via P2P/CUMEM
gammagpu11:1295079:1295197 [1] NCCL INFO Channel 01/0 : 1[1] -> 2[2] via P2P/CUMEM
gammagpu11:1295081:1295198 [3] NCCL INFO Channel 00/0 : 3[3] -> 0[0] via P2P/CUMEM
gammagpu11:1295079:1295197 [1] NCCL INFO Channel 02/0 : 1[1] -> 2[2] via P2P/CUMEM
gammagpu11:1295080:1295196 [2] NCCL INFO Channel 00/0 : 2[2] -> 3[3] via P2P/CUMEM
gammagpu11:1295081:1295198 [3] NCCL INFO Channel 01/0 : 3[3] -> 0[0] via P2P/CUMEM
gammagpu11:1295080:1295196 [2] NCCL INFO Channel 01/0 : 2[2] -> 3[3] via P2P/CUMEM
gammagpu11:1295079:1295197 [1] NCCL INFO Channel 03/0 : 1[1] -> 2[2] via P2P/CUMEM
gammagpu11:1295081:1295198 [3] NCCL INFO Channel 02/0 : 3[3] -> 0[0] via P2P/CUMEM
gammagpu11:1295080:1295196 [2] NCCL INFO Channel 02/0 : 2[2] -> 3[3] via P2P/CUMEM
gammagpu11:1295081:1295198 [3] NCCL INFO Channel 03/0 : 3[3] -> 0[0] via P2P/CUMEM
gammagpu11:1295080:1295196 [2] NCCL INFO Channel 03/0 : 2[2] -> 3[3] via P2P/CUMEM
gammagpu11:1295081:1295198 [3] NCCL INFO Connected all rings
gammagpu11:1295081:1295198 [3] NCCL INFO Channel 00/0 : 3[3] -> 2[2] via P2P/CUMEM
gammagpu11:1295081:1295198 [3] NCCL INFO Channel 01/0 : 3[3] -> 2[2] via P2P/CUMEM
gammagpu11:1295081:1295198 [3] NCCL INFO Channel 02/0 : 3[3] -> 2[2] via P2P/CUMEM
gammagpu11:1295081:1295198 [3] NCCL INFO Channel 03/0 : 3[3] -> 2[2] via P2P/CUMEM
gammagpu11:1295080:1295196 [2] NCCL INFO Connected all rings
gammagpu11:1295078:1295195 [0] NCCL INFO Connected all rings
gammagpu11:1295079:1295197 [1] NCCL INFO Connected all rings
gammagpu11:1295080:1295196 [2] NCCL INFO Channel 00/0 : 2[2] -> 1[1] via P2P/CUMEM
gammagpu11:1295079:1295197 [1] NCCL INFO Channel 00/0 : 1[1] -> 0[0] via P2P/CUMEM
gammagpu11:1295080:1295196 [2] NCCL INFO Channel 01/0 : 2[2] -> 1[1] via P2P/CUMEM
gammagpu11:1295079:1295197 [1] NCCL INFO Channel 01/0 : 1[1] -> 0[0] via P2P/CUMEM
gammagpu11:1295080:1295196 [2] NCCL INFO Channel 02/0 : 2[2] -> 1[1] via P2P/CUMEM
gammagpu11:1295079:1295197 [1] NCCL INFO Channel 02/0 : 1[1] -> 0[0] via P2P/CUMEM
gammagpu11:1295080:1295196 [2] NCCL INFO Channel 03/0 : 2[2] -> 1[1] via P2P/CUMEM
gammagpu11:1295079:1295197 [1] NCCL INFO Channel 03/0 : 1[1] -> 0[0] via P2P/CUMEM
gammagpu11:1295081:1295198 [3] NCCL INFO Connected all trees
gammagpu11:1295081:1295198 [3] NCCL INFO threadThresholds 8/8/64 | 32/8/64 | 512 | 512
gammagpu11:1295081:1295198 [3] NCCL INFO 4 coll channels, 0 collnet channels, 0 nvls channels, 4 p2p channels, 2 p2p channels per peer
gammagpu11:1295078:1295195 [0] NCCL INFO Connected all trees
gammagpu11:1295078:1295195 [0] NCCL INFO threadThresholds 8/8/64 | 32/8/64 | 512 | 512
gammagpu11:1295078:1295195 [0] NCCL INFO 4 coll channels, 0 collnet channels, 0 nvls channels, 4 p2p channels, 2 p2p channels per peer
gammagpu11:1295080:1295196 [2] NCCL INFO Connected all trees
gammagpu11:1295080:1295196 [2] NCCL INFO threadThresholds 8/8/64 | 32/8/64 | 512 | 512
gammagpu11:1295080:1295196 [2] NCCL INFO 4 coll channels, 0 collnet channels, 0 nvls channels, 4 p2p channels, 2 p2p channels per peer
gammagpu11:1295079:1295197 [1] NCCL INFO Connected all trees
gammagpu11:1295079:1295197 [1] NCCL INFO threadThresholds 8/8/64 | 32/8/64 | 512 | 512
gammagpu11:1295079:1295197 [1] NCCL INFO 4 coll channels, 0 collnet channels, 0 nvls channels, 4 p2p channels, 2 p2p channels per peer
gammagpu11:1295081:1295198 [3] NCCL INFO comm 0x564d9df61100 rank 3 nranks 4 cudaDev 3 nvmlDev 3 busId c1000 commId 0x93b503c7840faff5 - Init COMPLETE
gammagpu11:1295079:1295197 [1] NCCL INFO comm 0x561dd4ca8f10 rank 1 nranks 4 cudaDev 1 nvmlDev 1 busId 41000 commId 0x93b503c7840faff5 - Init COMPLETE
gammagpu11:1295080:1295196 [2] NCCL INFO comm 0x55ec43eb9680 rank 2 nranks 4 cudaDev 2 nvmlDev 2 busId 81000 commId 0x93b503c7840faff5 - Init COMPLETE
gammagpu11:1295078:1295195 [0] NCCL INFO comm 0x56224fb5af80 rank 0 nranks 4 cudaDev 0 nvmlDev 0 busId 1000 commId 0x93b503c7840faff5 - Init COMPLETE
wandb: Tracking run with wandb version 0.17.8
wandb: Run data is saved locally in /fs/nexus-scratch/sjxu/svd-temporal-controlnet/wandb/run-20250113_090828-hu2omqxy
wandb: Run `wandb offline` to turn off syncing.
wandb: Syncing run charmed-capybara-214
wandb: ⭐️ View project at https://wandb.ai/sjxu_gamma/SVD_Con_Mul
wandb: 🚀 View run at https://wandb.ai/sjxu_gamma/SVD_Con_Mul/runs/hu2omqxy
INFO:__main__:***** Running training *****
INFO:__main__:  Num examples = 4728
INFO:__main__:  Num Epochs = 120
INFO:__main__:  Instantaneous batch size per device = 1
INFO:__main__:  Total train batch size (w. parallel, distributed & accumulation) = 64
INFO:__main__:  Gradient Accumulation steps = 16
INFO:__main__:  Total optimization steps = 8880
torch.Size([1, 6, 4, 32, 64]) torch.Size([1, 4, 32, 64])
torch.Size([1, 6, 4, 32, 64]) torch.Size([1, 4, 32, 64])
torch.Size([1, 6, 4, 32, 64]) torch.Size([1, 4, 32, 64])
torch.Size([1, 6, 4, 32, 64]) torch.Size([1, 4, 32, 64])
  0%|          | 0/8880 [00:00<?, ?it/s]Steps:   0%|          | 0/8880 [00:00<?, ?it/s]Traceback (most recent call last):
  File "/fs/nexus-scratch/sjxu/svd-temporal-controlnet/train_svd_controlnet.py", line 2021, in <module>
    main()
  File "/fs/nexus-scratch/sjxu/svd-temporal-controlnet/train_svd_controlnet.py", line 1698, in main
    inp_noisy_latents = torch.cat(
RuntimeError: Tensors must have same number of dimensions: got 5 and 4
[rank3]: Traceback (most recent call last):
[rank3]:   File "/fs/nexus-scratch/sjxu/svd-temporal-controlnet/train_svd_controlnet.py", line 2021, in <module>
[rank3]:     main()
[rank3]:   File "/fs/nexus-scratch/sjxu/svd-temporal-controlnet/train_svd_controlnet.py", line 1698, in main
[rank3]:     inp_noisy_latents = torch.cat(
[rank3]: RuntimeError: Tensors must have same number of dimensions: got 5 and 4
Traceback (most recent call last):
  File "/fs/nexus-scratch/sjxu/svd-temporal-controlnet/train_svd_controlnet.py", line 2021, in <module>
    main()
  File "/fs/nexus-scratch/sjxu/svd-temporal-controlnet/train_svd_controlnet.py", line 1698, in main
    inp_noisy_latents = torch.cat(
RuntimeError: Tensors must have same number of dimensions: got 5 and 4
[rank1]: Traceback (most recent call last):
[rank1]:   File "/fs/nexus-scratch/sjxu/svd-temporal-controlnet/train_svd_controlnet.py", line 2021, in <module>
[rank1]:     main()
[rank1]:   File "/fs/nexus-scratch/sjxu/svd-temporal-controlnet/train_svd_controlnet.py", line 1698, in main
[rank1]:     inp_noisy_latents = torch.cat(
[rank1]: RuntimeError: Tensors must have same number of dimensions: got 5 and 4
Traceback (most recent call last):
  File "/fs/nexus-scratch/sjxu/svd-temporal-controlnet/train_svd_controlnet.py", line 2021, in <module>
    main()
  File "/fs/nexus-scratch/sjxu/svd-temporal-controlnet/train_svd_controlnet.py", line 1698, in main
    inp_noisy_latents = torch.cat(
RuntimeError: Tensors must have same number of dimensions: got 5 and 4
[rank2]: Traceback (most recent call last):
[rank2]:   File "/fs/nexus-scratch/sjxu/svd-temporal-controlnet/train_svd_controlnet.py", line 2021, in <module>
[rank2]:     main()
[rank2]:   File "/fs/nexus-scratch/sjxu/svd-temporal-controlnet/train_svd_controlnet.py", line 1698, in main
[rank2]:     inp_noisy_latents = torch.cat(
[rank2]: RuntimeError: Tensors must have same number of dimensions: got 5 and 4
Traceback (most recent call last):
  File "/fs/nexus-scratch/sjxu/svd-temporal-controlnet/train_svd_controlnet.py", line 2021, in <module>
    main()
  File "/fs/nexus-scratch/sjxu/svd-temporal-controlnet/train_svd_controlnet.py", line 1698, in main
    inp_noisy_latents = torch.cat(
RuntimeError: Tensors must have same number of dimensions: got 5 and 4
[rank0]: Traceback (most recent call last):
[rank0]:   File "/fs/nexus-scratch/sjxu/svd-temporal-controlnet/train_svd_controlnet.py", line 2021, in <module>
[rank0]:     main()
[rank0]:   File "/fs/nexus-scratch/sjxu/svd-temporal-controlnet/train_svd_controlnet.py", line 1698, in main
[rank0]:     inp_noisy_latents = torch.cat(
[rank0]: RuntimeError: Tensors must have same number of dimensions: got 5 and 4
W0113 09:08:40.171047 140396061074176 torch/distributed/elastic/multiprocessing/api.py:858] Sending process 1295078 closing signal SIGTERM
W0113 09:08:40.171418 140396061074176 torch/distributed/elastic/multiprocessing/api.py:858] Sending process 1295079 closing signal SIGTERM
W0113 09:08:40.171518 140396061074176 torch/distributed/elastic/multiprocessing/api.py:858] Sending process 1295080 closing signal SIGTERM
E0113 09:08:40.485690 140396061074176 torch/distributed/elastic/multiprocessing/api.py:833] failed (exitcode: 1) local_rank: 3 (pid: 1295081) of binary: /fs/nexus-scratch/sjxu/miniconda3/envs/svd_control/bin/python
Traceback (most recent call last):
  File "/fs/nexus-scratch/sjxu/miniconda3/envs/svd_control/bin/accelerate", line 8, in <module>
    sys.exit(main())
  File "/fs/nexus-scratch/sjxu/miniconda3/envs/svd_control/lib/python3.9/site-packages/accelerate/commands/accelerate_cli.py", line 48, in main
    args.func(args)
  File "/fs/nexus-scratch/sjxu/miniconda3/envs/svd_control/lib/python3.9/site-packages/accelerate/commands/launch.py", line 1097, in launch_command
    multi_gpu_launcher(args)
  File "/fs/nexus-scratch/sjxu/miniconda3/envs/svd_control/lib/python3.9/site-packages/accelerate/commands/launch.py", line 734, in multi_gpu_launcher
    distrib_run.run(args)
  File "/fs/nexus-scratch/sjxu/miniconda3/envs/svd_control/lib/python3.9/site-packages/torch/distributed/run.py", line 892, in run
    elastic_launch(
  File "/fs/nexus-scratch/sjxu/miniconda3/envs/svd_control/lib/python3.9/site-packages/torch/distributed/launcher/api.py", line 133, in __call__
    return launch_agent(self._config, self._entrypoint, list(args))
  File "/fs/nexus-scratch/sjxu/miniconda3/envs/svd_control/lib/python3.9/site-packages/torch/distributed/launcher/api.py", line 264, in launch_agent
    raise ChildFailedError(
torch.distributed.elastic.multiprocessing.errors.ChildFailedError: 
============================================================
train_svd_controlnet.py FAILED
------------------------------------------------------------
Failures:
  <NO_OTHER_FAILURES>
------------------------------------------------------------
Root Cause (first observed failure):
[0]:
  time      : 2025-01-13_09:08:40
  host      : gammagpu11.umiacs.umd.edu
  rank      : 3 (local_rank: 3)
  exitcode  : 1 (pid: 1295081)
  error_file: <N/A>
  traceback : To enable traceback see: https://pytorch.org/docs/stable/elastic/errors.html
============================================================
srun: error: gammagpu11: task 2: Exited with exit code 1
